Log file open, 10/13/20 15:18:06
LogWindows: Failed to load 'aqProf.dll' (GetLastError=126)
LogWindows: File 'aqProf.dll' does not exist
LogWindows: Failed to load 'VtuneApi.dll' (GetLastError=126)
LogWindows: File 'VtuneApi.dll' does not exist
LogWindows: Failed to load 'VtuneApi32e.dll' (GetLastError=126)
LogWindows: File 'VtuneApi32e.dll' does not exist
LogConsoleResponse: Display: Failed to find resolution value strings in scalability ini. Falling back to default.
LogInit: Display: Running engine without a game
LogPakFile: Registered encryption key '00000000000000000000000000000000': 0 pak files mounted, 0 remain pending
LogPlatformFile: Not using cached read wrapper
LogInit: Display: Loading recent project file: E:/Unreal Projects/ToonTanks/ToonTanks.uproject
LogTaskGraph: Started task graph with 5 named threads and 71 total threads with 3 sets of task threads.
LogStats: Stats thread started at 0.752070
LogD3D11RHI: Loaded GFSDK_Aftermath_Lib.x64.dll
LogICUInternationalization: ICU TimeZone Detection - Raw Offset: +1:00, Platform Override: ''
LogPluginManager: Mounting plugin Paper2D
LogPluginManager: Mounting plugin AISupport
LogPluginManager: Mounting plugin LightPropagationVolume
LogPluginManager: Mounting plugin ActorLayerUtilities
LogPluginManager: Mounting plugin AnimationSharing
LogPluginManager: Mounting plugin CLionSourceCodeAccess
LogPluginManager: Mounting plugin CodeLiteSourceCodeAccess
LogPluginManager: Mounting plugin GitSourceControl
LogPluginManager: Mounting plugin KDevelopSourceCodeAccess
LogPluginManager: Mounting plugin NullSourceCodeAccess
LogPluginManager: Mounting plugin PerforceSourceControl
LogPluginManager: Mounting plugin SubversionSourceControl
LogPluginManager: Mounting plugin UObjectPlugin
LogPluginManager: Mounting plugin VisualStudioCodeSourceCodeAccess
LogPluginManager: Mounting plugin VisualStudioSourceCodeAccess
LogPluginManager: Mounting plugin XCodeSourceCodeAccess
LogPluginManager: Mounting plugin AssetManagerEditor
LogPluginManager: Mounting plugin CryptoKeys
LogPluginManager: Mounting plugin DataValidation
LogPluginManager: Mounting plugin FacialAnimation
LogPluginManager: Mounting plugin GameplayTagsEditor
LogPluginManager: Mounting plugin MacGraphicsSwitching
LogPluginManager: Mounting plugin MaterialAnalyzer
LogPluginManager: Mounting plugin MobileLauncherProfileWizard
LogPluginManager: Mounting plugin PluginBrowser
LogPluginManager: Mounting plugin SpeedTreeImporter
LogPluginManager: Mounting plugin DatasmithContent
LogPluginManager: Mounting plugin VariantManagerContent
LogPluginManager: Mounting plugin AlembicImporter
LogPluginManager: Mounting plugin AppleImageUtils
LogPluginManager: Mounting plugin AppleVision
LogPluginManager: Mounting plugin BackChannel
LogPluginManager: Mounting plugin CharacterAI
LogPluginManager: Mounting plugin GeometryCache
LogPluginManager: Mounting plugin HTML5Networking
LogPluginManager: Mounting plugin ProxyLODPlugin
LogPluginManager: Mounting plugin SkeletalReduction
LogPluginManager: Mounting plugin MagicLeap
LogPluginManager: Mounting plugin MagicLeapMedia
LogPluginManager: Mounting plugin AndroidMedia
LogPluginManager: Mounting plugin AvfMedia
LogPluginManager: Mounting plugin ImgMedia
LogPluginManager: Mounting plugin LinearTimecode
LogPluginManager: Mounting plugin MediaCompositing
LogPluginManager: Mounting plugin MediaPlayerEditor
LogPluginManager: Mounting plugin WebMMedia
LogPluginManager: Mounting plugin WmfMedia
LogPluginManager: Mounting plugin TcpMessaging
LogPluginManager: Mounting plugin UdpMessaging
LogPluginManager: Mounting plugin ActorSequence
LogPluginManager: Mounting plugin LevelSequenceEditor
LogPluginManager: Mounting plugin MatineeToLevelSequence
LogPluginManager: Mounting plugin NetcodeUnitTest
LogPluginManager: Mounting plugin NUTUnrealEngine4
LogPluginManager: Mounting plugin OnlineSubsystemGooglePlay
LogPluginManager: Mounting plugin OnlineSubsystemIOS
LogPluginManager: Mounting plugin OnlineSubsystem
LogPluginManager: Mounting plugin OnlineSubsystemNull
LogPluginManager: Mounting plugin OnlineSubsystemUtils
LogPluginManager: Mounting plugin LauncherChunkInstaller
LogPluginManager: Mounting plugin AndroidDeviceProfileSelector
LogPluginManager: Mounting plugin AndroidMoviePlayer
LogPluginManager: Mounting plugin AndroidPermission
LogPluginManager: Mounting plugin AppleMoviePlayer
LogPluginManager: Mounting plugin ArchVisCharacter
LogPluginManager: Mounting plugin AudioCapture
LogPluginManager: Mounting plugin CableComponent
LogPluginManager: Mounting plugin CustomMeshComponent
LogPluginManager: Mounting plugin EditableMesh
LogPluginManager: Mounting plugin ExampleDeviceProfileSelector
LogPluginManager: Mounting plugin Firebase
LogPluginManager: Mounting plugin GoogleCloudMessaging
LogPluginManager: Mounting plugin IOSDeviceProfileSelector
LogPluginManager: Mounting plugin LinuxDeviceProfileSelector
LogPluginManager: Mounting plugin LocationServicesBPLibrary
LogPluginManager: Mounting plugin MobilePatchingUtils
LogPluginManager: Mounting plugin OculusVR
LogPluginManager: Mounting plugin PhysXVehicles
LogPluginManager: Mounting plugin ProceduralMeshComponent
LogPluginManager: Mounting plugin RuntimePhysXCooking
LogPluginManager: Mounting plugin SignificanceManager
LogPluginManager: Mounting plugin SteamVR
LogPluginManager: Mounting plugin WebMMoviePlayer
LogPluginManager: Mounting plugin WindowsMoviePlayer
LogInit: Warning: Incompatible or missing module: ToonTanks
Running C:/Program Files/Epic Games/UE_4.22/Engine/Binaries/DotNET/UnrealBuildTool.exe Development Win64 -Project="E:/Unreal Projects/ToonTanks/ToonTanks.uproject" -TargetType=Editor -Progress -NoHotReloadFromIDE
Using 'git status' to determine working set for adaptive non-unity build (E:\Unreal Projects\ToonTanks).
Creating makefile for ToonTanksEditor (ini files are newer than makefile)
@progress push 5%
@progress pop
Using Visual Studio 2019 14.27.29110 toolchain (C:\Program Files (x86)\Microsoft Visual Studio\2019\Community\VC\Tools\MSVC\14.27.29110) and Windows 10.0.18362.0 SDK (C:\Program Files (x86)\Windows Kits\10).
Building 4 actions with 24 processes...
  @progress 'Compiling C++ source code...' 0%
  @progress 'Compiling C++ source code...' 25%
  [1/4] ProjectileBase.cpp
  @progress 'Compiling C++ source code...' 50%
  [2/4] UE4Editor-ToonTanks.lib
     Creating library E:\Unreal Projects\ToonTanks\Intermediate\Build\Win64\UE4Editor\Development\ToonTanks\UE4Editor-ToonTanks.lib and object E:\Unreal Projects\ToonTanks\Intermediate\Build\Win64\UE4Editor\Development\ToonTanks\UE4Editor-ToonTanks.exp
  @progress 'Compiling C++ source code...' 75%
  [3/4] UE4Editor-ToonTanks.dll
     Creating library E:\Unreal Projects\ToonTanks\Intermediate\Build\Win64\UE4Editor\Development\ToonTanks\UE4Editor-ToonTanks.suppressed.lib and object E:\Unreal Projects\ToonTanks\Intermediate\Build\Win64\UE4Editor\Development\ToonTanks\UE4Editor-ToonTanks.suppressed.exp
  @progress 'Compiling C++ source code...' 100%
  [4/4] ToonTanksEditor.target
Total time in Parallel executor: 1.25 seconds
Total execution time: 2.50 seconds
LogInit: Using libcurl 7.55.1-DEV
LogInit:  - built for x86_64-pc-win32
LogInit:  - supports SSL with OpenSSL/1.1.1
LogInit:  - supports HTTP deflate (compression) using libz 1.2.8
LogInit:  - other features:
LogInit:      CURL_VERSION_SSL
LogInit:      CURL_VERSION_LIBZ
LogInit:      CURL_VERSION_IPV6
LogInit:      CURL_VERSION_ASYNCHDNS
LogInit:      CURL_VERSION_LARGEFILE
LogInit:      CURL_VERSION_IDN
LogInit:  CurlRequestOptions (configurable via config and command line):
LogInit:  - bVerifyPeer = true  - Libcurl will verify peer certificate
LogInit:  - bUseHttpProxy = false  - Libcurl will NOT use HTTP proxy
LogInit:  - bDontReuseConnections = false  - Libcurl will reuse connections
LogInit:  - MaxHostConnections = 16  - Libcurl will limit the number of connections to a host
LogInit:  - LocalHostAddr = Default
LogInit:  - BufferSize = 65536
LogInit: WinSock: version 1.1 (2.2), MaxSocks=32767, MaxUdp=65467
LogInit: Build: ++UE4+Release-4.22-CL-7053642
LogInit: Engine Version: 4.22.3-7053642+++UE4+Release-4.22
LogInit: Compatible Engine Version: 4.22.0-5660361+++UE4+Release-4.22
LogInit: Net CL: 5660361
LogInit: OS: Windows 10 (Release 1909) (), CPU: AMD Ryzen 9 3900X 12-Core Processor            , GPU: NVIDIA GeForce GTX 1650 SUPER
LogInit: Compiled (64-bit): Jun 18 2019 03:09:11
LogInit: Compiled with Visual C++: 19.16.27025.01
LogInit: Build Configuration: Development
LogInit: Branch Name: ++UE4+Release-4.22
LogInit: Command Line: 
LogInit: Base Directory: C:/Program Files/Epic Games/UE_4.22/Engine/Binaries/Win64/
LogInit: Installed Engine Build: 1
LogDevObjectVersion: Number of dev versions registered: 23
LogDevObjectVersion:   Dev-Blueprints (B0D832E4-1F89-4F0D-ACCF-7EB736FD4AA2): 10
LogDevObjectVersion:   Dev-Build (E1C64328-A22C-4D53-A36C-8E866417BD8C): 0
LogDevObjectVersion:   Dev-Core (375EC13C-06E4-48FB-B500-84F0262A717E): 3
LogDevObjectVersion:   Dev-Editor (E4B068ED-F494-42E9-A231-DA0B2E46BB41): 30
LogDevObjectVersion:   Dev-Framework (CFFC743F-43B0-4480-9391-14DF171D2073): 35
LogDevObjectVersion:   Dev-Mobile (B02B49B5-BB20-44E9-A304-32B752E40360): 2
LogDevObjectVersion:   Dev-Networking (A4E4105C-59A1-49B5-A7C5-40C4547EDFEE): 0
LogDevObjectVersion:   Dev-Online (39C831C9-5AE6-47DC-9A44-9C173E1C8E7C): 0
LogDevObjectVersion:   Dev-Physics (78F01B33-EBEA-4F98-B9B4-84EACCB95AA2): 0
LogDevObjectVersion:   Dev-Platform (6631380F-2D4D-43E0-8009-CF276956A95A): 0
LogDevObjectVersion:   Dev-Rendering (12F88B9F-8875-4AFC-A67C-D90C383ABD29): 28
LogDevObjectVersion:   Dev-Sequencer (7B5AE74C-D270-4C10-A958-57980B212A5A): 11
LogDevObjectVersion:   Dev-VR (D7296918-1DD6-4BDD-9DE2-64A83CC13884): 2
LogDevObjectVersion:   Dev-LoadTimes (C2A15278-BFE7-4AFE-6C17-90FF531DF755): 1
LogDevObjectVersion:   Private-Geometry (6EACA3D4-40EC-4CC1-B786-8BED09428FC5): 3
LogDevObjectVersion:   Dev-AnimPhys (29E575DD-E0A3-4627-9D10-D276232CDCEA): 17
LogDevObjectVersion:   Dev-Anim (AF43A65D-7FD3-4947-9873-3E8ED9C1BB05): 2
LogDevObjectVersion:   Dev-ReflectionCapture (6B266CEC-1EC7-4B8F-A30B-E4D90942FC07): 1
LogDevObjectVersion:   Dev-Automation (0DF73D61-A23F-47EA-B727-89E90C41499A): 1
LogDevObjectVersion:   FortniteMain (601D1886-AC64-4F84-AA16-D3DE0DEAC7D6): 25
LogDevObjectVersion:   Dev-Enterprise (9DFFBCD6-494F-0158-E221-12823C92A888): 6
LogDevObjectVersion:   Dev-Niagara (F2AED0AC-9AFE-416F-8664-AA7FFA26D6FC): 1
LogDevObjectVersion:   Dev-Destruction (174F1F0B-B4C6-45A5-B13F-2EE8D0FB917D): 2
LogInit: Presizing for max 16777216 objects, including 0 objects not considered by GC, pre-allocating 0 bytes for permanent pool.
LogInit: Object subsystem initialized
LogConfig: Setting CVar [[con.DebugEarlyDefault:1]]
LogConfig: Setting CVar [[r.setres:1280x720]]
[2020.10.13-13.18.13:206][  0]LogConfig: Setting CVar [[r.VSync:0]]
[2020.10.13-13.18.13:206][  0]LogConfig: Setting CVar [[r.RHICmdBypass:0]]
[2020.10.13-13.18.13:206][  0]LogConfig: Applying CVar settings from Section [/Script/Engine.RendererSettings] File [E:/Unreal Projects/ToonTanks/Saved/Config/Windows/Engine.ini]
[2020.10.13-13.18.13:206][  0]LogConfig: Setting CVar [[r.GPUCrashDebugging:0]]
[2020.10.13-13.18.13:206][  0]LogConfig: Setting CVar [[r.DefaultFeature.AutoExposure.ExtendDefaultLuminanceRange:1]]
[2020.10.13-13.18.13:206][  0]LogConfig: Setting CVar [[r.DefaultFeature.AutoExposure:0]]
[2020.10.13-13.18.13:206][  0]LogConfig: Applying CVar settings from Section [/Script/Engine.RendererOverrideSettings] File [E:/Unreal Projects/ToonTanks/Saved/Config/Windows/Engine.ini]
[2020.10.13-13.18.13:206][  0]LogConfig: Applying CVar settings from Section [/Script/Engine.StreamingSettings] File [E:/Unreal Projects/ToonTanks/Saved/Config/Windows/Engine.ini]
[2020.10.13-13.18.13:206][  0]LogConfig: Setting CVar [[s.MinBulkDataSizeForAsyncLoading:131072]]
[2020.10.13-13.18.13:206][  0]LogConfig: Setting CVar [[s.AsyncLoadingThreadEnabled:0]]
[2020.10.13-13.18.13:206][  0]LogConfig: Setting CVar [[s.EventDrivenLoaderEnabled:1]]
[2020.10.13-13.18.13:206][  0]LogConfig: Setting CVar [[s.WarnIfTimeLimitExceeded:0]]
[2020.10.13-13.18.13:206][  0]LogConfig: Setting CVar [[s.TimeLimitExceededMultiplier:1.5]]
[2020.10.13-13.18.13:206][  0]LogConfig: Setting CVar [[s.TimeLimitExceededMinTime:0.005]]
[2020.10.13-13.18.13:206][  0]LogConfig: Setting CVar [[s.UseBackgroundLevelStreaming:1]]
[2020.10.13-13.18.13:206][  0]LogConfig: Setting CVar [[s.PriorityAsyncLoadingExtraTime:15.0]]
[2020.10.13-13.18.13:206][  0]LogConfig: Setting CVar [[s.LevelStreamingActorsUpdateTimeLimit:5.0]]
[2020.10.13-13.18.13:206][  0]LogConfig: Setting CVar [[s.PriorityLevelStreamingActorsUpdateExtraTime:5.0]]
[2020.10.13-13.18.13:206][  0]LogConfig: Setting CVar [[s.LevelStreamingComponentsRegistrationGranularity:10]]
[2020.10.13-13.18.13:206][  0]LogConfig: Setting CVar [[s.UnregisterComponentsTimeLimit:1.0]]
[2020.10.13-13.18.13:206][  0]LogConfig: Setting CVar [[s.LevelStreamingComponentsUnregistrationGranularity:5]]
[2020.10.13-13.18.13:206][  0]LogConfig: Applying CVar settings from Section [/Script/Engine.GarbageCollectionSettings] File [E:/Unreal Projects/ToonTanks/Saved/Config/Windows/Engine.ini]
[2020.10.13-13.18.13:206][  0]LogConfig: Setting CVar [[gc.MaxObjectsNotConsideredByGC:1]]
[2020.10.13-13.18.13:206][  0]LogConfig: Setting CVar [[gc.SizeOfPermanentObjectPool:0]]
[2020.10.13-13.18.13:206][  0]LogConfig: Setting CVar [[gc.FlushStreamingOnGC:0]]
[2020.10.13-13.18.13:206][  0]LogConfig: Setting CVar [[gc.NumRetriesBeforeForcingGC:10]]
[2020.10.13-13.18.13:206][  0]LogConfig: Setting CVar [[gc.AllowParallelGC:1]]
[2020.10.13-13.18.13:206][  0]LogConfig: Setting CVar [[gc.TimeBetweenPurgingPendingKillObjects:61.1]]
[2020.10.13-13.18.13:206][  0]LogConfig: Setting CVar [[gc.MaxObjectsInEditor:16777216]]
[2020.10.13-13.18.13:206][  0]LogConfig: Setting CVar [[gc.IncrementalBeginDestroyEnabled:1]]
[2020.10.13-13.18.13:206][  0]LogConfig: Setting CVar [[gc.CreateGCClusters:1]]
[2020.10.13-13.18.13:206][  0]LogConfig: Setting CVar [[gc.MinGCClusterSize:5]]
[2020.10.13-13.18.13:206][  0]LogConfig: Setting CVar [[gc.ActorClusteringEnabled:0]]
[2020.10.13-13.18.13:206][  0]LogConfig: Setting CVar [[gc.BlueprintClusteringEnabled:0]]
[2020.10.13-13.18.13:206][  0]LogConfig: Setting CVar [[gc.UseDisregardForGCOnDedicatedServers:0]]
[2020.10.13-13.18.13:206][  0]LogConfig: Applying CVar settings from Section [/Script/Engine.NetworkSettings] File [E:/Unreal Projects/ToonTanks/Saved/Config/Windows/Engine.ini]
[2020.10.13-13.18.13:206][  0]LogConfig: Applying CVar settings from Section [/Script/UnrealEd.CookerSettings] File [E:/Unreal Projects/ToonTanks/Saved/Config/Windows/Engine.ini]
[2020.10.13-13.18.13:208][  0]LogConfig: Applying CVar settings from Section [ViewDistanceQuality@3] File [E:/Unreal Projects/ToonTanks/Saved/Config/Windows/Scalability.ini]
[2020.10.13-13.18.13:208][  0]LogConfig: Setting CVar [[r.SkeletalMeshLODBias:0]]
[2020.10.13-13.18.13:208][  0]LogConfig: Setting CVar [[r.ViewDistanceScale:1.0]]
[2020.10.13-13.18.13:208][  0]LogConfig: Applying CVar settings from Section [AntiAliasingQuality@3] File [E:/Unreal Projects/ToonTanks/Saved/Config/Windows/Scalability.ini]
[2020.10.13-13.18.13:208][  0]LogConfig: Setting CVar [[r.PostProcessAAQuality:4]]
[2020.10.13-13.18.13:208][  0]LogConfig: Applying CVar settings from Section [ShadowQuality@3] File [E:/Unreal Projects/ToonTanks/Saved/Config/Windows/Scalability.ini]
[2020.10.13-13.18.13:208][  0]LogConfig: Setting CVar [[r.LightFunctionQuality:1]]
[2020.10.13-13.18.13:208][  0]LogConfig: Setting CVar [[r.ShadowQuality:5]]
[2020.10.13-13.18.13:208][  0]LogConfig: Setting CVar [[r.Shadow.CSM.MaxCascades:10]]
[2020.10.13-13.18.13:208][  0]LogConfig: Setting CVar [[r.Shadow.MaxResolution:2048]]
[2020.10.13-13.18.13:208][  0]LogConfig: Setting CVar [[r.Shadow.MaxCSMResolution:2048]]
[2020.10.13-13.18.13:208][  0]LogConfig: Setting CVar [[r.Shadow.RadiusThreshold:0.01]]
[2020.10.13-13.18.13:208][  0]LogConfig: Setting CVar [[r.Shadow.DistanceScale:1.0]]
[2020.10.13-13.18.13:208][  0]LogConfig: Setting CVar [[r.Shadow.CSM.TransitionScale:1.0]]
[2020.10.13-13.18.13:208][  0]LogConfig: Setting CVar [[r.Shadow.PreShadowResolutionFactor:1.0]]
[2020.10.13-13.18.13:208][  0]LogConfig: Setting CVar [[r.DistanceFieldShadowing:1]]
[2020.10.13-13.18.13:208][  0]LogConfig: Setting CVar [[r.DistanceFieldAO:1]]
[2020.10.13-13.18.13:208][  0]LogConfig: Setting CVar [[r.AOQuality:2]]
[2020.10.13-13.18.13:208][  0]LogConfig: Setting CVar [[r.VolumetricFog:1]]
[2020.10.13-13.18.13:208][  0]LogConfig: Setting CVar [[r.VolumetricFog.GridPixelSize:8]]
[2020.10.13-13.18.13:208][  0]LogConfig: Setting CVar [[r.VolumetricFog.GridSizeZ:128]]
[2020.10.13-13.18.13:208][  0]LogConfig: Setting CVar [[r.VolumetricFog.HistoryMissSupersampleCount:4]]
[2020.10.13-13.18.13:208][  0]LogConfig: Setting CVar [[r.LightMaxDrawDistanceScale:1]]
[2020.10.13-13.18.13:208][  0]LogConfig: Setting CVar [[r.CapsuleShadows:1]]
[2020.10.13-13.18.13:208][  0]LogConfig: Applying CVar settings from Section [PostProcessQuality@3] File [E:/Unreal Projects/ToonTanks/Saved/Config/Windows/Scalability.ini]
[2020.10.13-13.18.13:208][  0]LogConfig: Setting CVar [[r.MotionBlurQuality:4]]
[2020.10.13-13.18.13:208][  0]LogConfig: Setting CVar [[r.AmbientOcclusionMipLevelFactor:0.4]]
[2020.10.13-13.18.13:208][  0]LogConfig: Setting CVar [[r.AmbientOcclusionMaxQuality:100]]
[2020.10.13-13.18.13:208][  0]LogConfig: Setting CVar [[r.AmbientOcclusionLevels:-1]]
[2020.10.13-13.18.13:208][  0]LogConfig: Setting CVar [[r.AmbientOcclusionRadiusScale:1.0]]
[2020.10.13-13.18.13:208][  0]LogConfig: Setting CVar [[r.DepthOfFieldQuality:2]]
[2020.10.13-13.18.13:208][  0]LogConfig: Setting CVar [[r.RenderTargetPoolMin:400]]
[2020.10.13-13.18.13:208][  0]LogConfig: Setting CVar [[r.LensFlareQuality:2]]
[2020.10.13-13.18.13:208][  0]LogConfig: Setting CVar [[r.SceneColorFringeQuality:1]]
[2020.10.13-13.18.13:208][  0]LogConfig: Setting CVar [[r.EyeAdaptationQuality:2]]
[2020.10.13-13.18.13:208][  0]LogConfig: Setting CVar [[r.BloomQuality:5]]
[2020.10.13-13.18.13:208][  0]LogConfig: Setting CVar [[r.FastBlurThreshold:100]]
[2020.10.13-13.18.13:208][  0]LogConfig: Setting CVar [[r.Upscale.Quality:3]]
[2020.10.13-13.18.13:208][  0]LogConfig: Setting CVar [[r.Tonemapper.GrainQuantization:1]]
[2020.10.13-13.18.13:208][  0]LogConfig: Setting CVar [[r.LightShaftQuality:1]]
[2020.10.13-13.18.13:208][  0]LogConfig: Setting CVar [[r.Filter.SizeScale:1]]
[2020.10.13-13.18.13:208][  0]LogConfig: Setting CVar [[r.Tonemapper.Quality:5]]
[2020.10.13-13.18.13:208][  0]LogConfig: Setting CVar [[r.DOF.Gather.AccumulatorQuality:1        ; higher gathering accumulator quality]]
[2020.10.13-13.18.13:208][  0]LogConfig: Setting CVar [[r.DOF.Gather.PostfilterMethod:1          ; Median3x3 postfilering method]]
[2020.10.13-13.18.13:209][  0]LogConfig: Setting CVar [[r.DOF.Gather.EnableBokehSettings:0       ; no bokeh simulation when gathering]]
[2020.10.13-13.18.13:209][  0]LogConfig: Setting CVar [[r.DOF.Gather.RingCount:4                 ; medium number of samples when gathering]]
[2020.10.13-13.18.13:209][  0]LogConfig: Setting CVar [[r.DOF.Scatter.ForegroundCompositing:1    ; additive foreground scattering]]
[2020.10.13-13.18.13:209][  0]LogConfig: Setting CVar [[r.DOF.Scatter.BackgroundCompositing:2    ; additive background scattering]]
[2020.10.13-13.18.13:209][  0]LogConfig: Setting CVar [[r.DOF.Scatter.EnableBokehSettings:1      ; bokeh simulation when scattering]]
[2020.10.13-13.18.13:209][  0]LogConfig: Setting CVar [[r.DOF.Scatter.MaxSpriteRatio:0.1         ; only a maximum of 10% of scattered bokeh]]
[2020.10.13-13.18.13:209][  0]LogConfig: Setting CVar [[r.DOF.Recombine.Quality:1                ; cheap slight out of focus]]
[2020.10.13-13.18.13:209][  0]LogConfig: Setting CVar [[r.DOF.Recombine.EnableBokehSettings:0    ; no bokeh simulation on slight out of focus]]
[2020.10.13-13.18.13:209][  0]LogConfig: Setting CVar [[r.DOF.TemporalAAQuality:1                ; more stable temporal accumulation]]
[2020.10.13-13.18.13:209][  0]LogConfig: Setting CVar [[r.DOF.Kernel.MaxForegroundRadius:0.025]]
[2020.10.13-13.18.13:209][  0]LogConfig: Setting CVar [[r.DOF.Kernel.MaxBackgroundRadius:0.025]]
[2020.10.13-13.18.13:209][  0]LogConfig: Applying CVar settings from Section [TextureQuality@3] File [E:/Unreal Projects/ToonTanks/Saved/Config/Windows/Scalability.ini]
[2020.10.13-13.18.13:209][  0]LogConfig: Setting CVar [[r.Streaming.MipBias:0]]
[2020.10.13-13.18.13:209][  0]LogConfig: Setting CVar [[r.Streaming.AmortizeCPUToGPUCopy:0]]
[2020.10.13-13.18.13:209][  0]LogConfig: Setting CVar [[r.Streaming.MaxNumTexturesToStreamPerFrame:0]]
[2020.10.13-13.18.13:209][  0]LogConfig: Setting CVar [[r.Streaming.Boost:1]]
[2020.10.13-13.18.13:209][  0]LogConfig: Setting CVar [[r.MaxAnisotropy:8]]
[2020.10.13-13.18.13:209][  0]LogConfig: Setting CVar [[r.Streaming.LimitPoolSizeToVRAM:0]]
[2020.10.13-13.18.13:209][  0]LogConfig: Setting CVar [[r.Streaming.PoolSize:1000]]
[2020.10.13-13.18.13:209][  0]LogConfig: Setting CVar [[r.Streaming.MaxEffectiveScreenSize:0]]
[2020.10.13-13.18.13:209][  0]LogConfig: Applying CVar settings from Section [EffectsQuality@3] File [E:/Unreal Projects/ToonTanks/Saved/Config/Windows/Scalability.ini]
[2020.10.13-13.18.13:209][  0]LogConfig: Setting CVar [[r.TranslucencyLightingVolumeDim:64]]
[2020.10.13-13.18.13:209][  0]LogConfig: Setting CVar [[r.RefractionQuality:2]]
[2020.10.13-13.18.13:209][  0]LogConfig: Setting CVar [[r.SSR.Quality:3]]
[2020.10.13-13.18.13:209][  0]LogConfig: Setting CVar [[r.SceneColorFormat:4]]
[2020.10.13-13.18.13:209][  0]LogConfig: Setting CVar [[r.DetailMode:2]]
[2020.10.13-13.18.13:209][  0]LogConfig: Setting CVar [[r.TranslucencyVolumeBlur:1]]
[2020.10.13-13.18.13:209][  0]LogConfig: Setting CVar [[r.MaterialQualityLevel:1 ; High quality]]
[2020.10.13-13.18.13:209][  0]LogConfig: Setting CVar [[r.SSS.Scale:1]]
[2020.10.13-13.18.13:209][  0]LogConfig: Setting CVar [[r.SSS.SampleSet:2]]
[2020.10.13-13.18.13:209][  0]LogConfig: Setting CVar [[r.SSS.Quality:1]]
[2020.10.13-13.18.13:209][  0]LogConfig: Setting CVar [[r.SSS.HalfRes:1]]
[2020.10.13-13.18.13:209][  0]LogConfig: Setting CVar [[r.EmitterSpawnRateScale:1.0]]
[2020.10.13-13.18.13:209][  0]LogConfig: Setting CVar [[r.ParticleLightQuality:2]]
[2020.10.13-13.18.13:209][  0]LogConfig: Applying CVar settings from Section [FoliageQuality@3] File [E:/Unreal Projects/ToonTanks/Saved/Config/Windows/Scalability.ini]
[2020.10.13-13.18.13:209][  0]LogConfig: Setting CVar [[foliage.DensityScale:1.0]]
[2020.10.13-13.18.13:209][  0]LogConfig: Setting CVar [[grass.DensityScale:1.0]]
[2020.10.13-13.18.13:209][  0]LogInit: Selected Device Profile: [Windows]
[2020.10.13-13.18.13:209][  0]LogInit: Applying CVar settings loaded from the selected device profile: [Windows]
[2020.10.13-13.18.13:221][  0]LogHAL: Display: Platform has ~ 24 GB [25678073856 / 34359738368 / 24], which maps to Larger [LargestMinGB=32, LargerMinGB=12, DefaultMinGB=8, SmallerMinGB=6, SmallestMinGB=0)
[2020.10.13-13.18.13:221][  0]LogConfig: Setting CVar [[r.Vulkan.UseRealUBs:0		; Required until we fix HLR fall-out]]
[2020.10.13-13.18.13:221][  0]LogInit: Going up to parent DeviceProfile []
[2020.10.13-13.18.13:221][  0]LogConfig: Applying CVar settings from Section [ViewDistanceQuality@3] File [E:/Unreal Projects/ToonTanks/Saved/Config/Windows/Scalability.ini]
[2020.10.13-13.18.13:221][  0]LogConfig: Setting CVar [[r.SkeletalMeshLODBias:0]]
[2020.10.13-13.18.13:221][  0]LogConfig: Setting CVar [[r.ViewDistanceScale:1.0]]
[2020.10.13-13.18.13:221][  0]LogConfig: Applying CVar settings from Section [AntiAliasingQuality@3] File [E:/Unreal Projects/ToonTanks/Saved/Config/Windows/Scalability.ini]
[2020.10.13-13.18.13:221][  0]LogConfig: Setting CVar [[r.PostProcessAAQuality:4]]
[2020.10.13-13.18.13:221][  0]LogConfig: Applying CVar settings from Section [ShadowQuality@3] File [E:/Unreal Projects/ToonTanks/Saved/Config/Windows/Scalability.ini]
[2020.10.13-13.18.13:221][  0]LogConfig: Setting CVar [[r.LightFunctionQuality:1]]
[2020.10.13-13.18.13:221][  0]LogConfig: Setting CVar [[r.ShadowQuality:5]]
[2020.10.13-13.18.13:221][  0]LogConfig: Setting CVar [[r.Shadow.CSM.MaxCascades:10]]
[2020.10.13-13.18.13:221][  0]LogConfig: Setting CVar [[r.Shadow.MaxResolution:2048]]
[2020.10.13-13.18.13:221][  0]LogConfig: Setting CVar [[r.Shadow.MaxCSMResolution:2048]]
[2020.10.13-13.18.13:221][  0]LogConfig: Setting CVar [[r.Shadow.RadiusThreshold:0.01]]
[2020.10.13-13.18.13:221][  0]LogConfig: Setting CVar [[r.Shadow.DistanceScale:1.0]]
[2020.10.13-13.18.13:221][  0]LogConfig: Setting CVar [[r.Shadow.CSM.TransitionScale:1.0]]
[2020.10.13-13.18.13:221][  0]LogConfig: Setting CVar [[r.Shadow.PreShadowResolutionFactor:1.0]]
[2020.10.13-13.18.13:221][  0]LogConfig: Setting CVar [[r.DistanceFieldShadowing:1]]
[2020.10.13-13.18.13:221][  0]LogConfig: Setting CVar [[r.DistanceFieldAO:1]]
[2020.10.13-13.18.13:221][  0]LogConfig: Setting CVar [[r.AOQuality:2]]
[2020.10.13-13.18.13:221][  0]LogConfig: Setting CVar [[r.VolumetricFog:1]]
[2020.10.13-13.18.13:221][  0]LogConfig: Setting CVar [[r.VolumetricFog.GridPixelSize:8]]
[2020.10.13-13.18.13:221][  0]LogConfig: Setting CVar [[r.VolumetricFog.GridSizeZ:128]]
[2020.10.13-13.18.13:221][  0]LogConfig: Setting CVar [[r.VolumetricFog.HistoryMissSupersampleCount:4]]
[2020.10.13-13.18.13:221][  0]LogConfig: Setting CVar [[r.LightMaxDrawDistanceScale:1]]
[2020.10.13-13.18.13:221][  0]LogConfig: Setting CVar [[r.CapsuleShadows:1]]
[2020.10.13-13.18.13:221][  0]LogConfig: Applying CVar settings from Section [PostProcessQuality@3] File [E:/Unreal Projects/ToonTanks/Saved/Config/Windows/Scalability.ini]
[2020.10.13-13.18.13:221][  0]LogConfig: Setting CVar [[r.MotionBlurQuality:4]]
[2020.10.13-13.18.13:221][  0]LogConfig: Setting CVar [[r.AmbientOcclusionMipLevelFactor:0.4]]
[2020.10.13-13.18.13:221][  0]LogConfig: Setting CVar [[r.AmbientOcclusionMaxQuality:100]]
[2020.10.13-13.18.13:221][  0]LogConfig: Setting CVar [[r.AmbientOcclusionLevels:-1]]
[2020.10.13-13.18.13:221][  0]LogConfig: Setting CVar [[r.AmbientOcclusionRadiusScale:1.0]]
[2020.10.13-13.18.13:221][  0]LogConfig: Setting CVar [[r.DepthOfFieldQuality:2]]
[2020.10.13-13.18.13:221][  0]LogConfig: Setting CVar [[r.RenderTargetPoolMin:400]]
[2020.10.13-13.18.13:221][  0]LogConfig: Setting CVar [[r.LensFlareQuality:2]]
[2020.10.13-13.18.13:221][  0]LogConfig: Setting CVar [[r.SceneColorFringeQuality:1]]
[2020.10.13-13.18.13:221][  0]LogConfig: Setting CVar [[r.EyeAdaptationQuality:2]]
[2020.10.13-13.18.13:221][  0]LogConfig: Setting CVar [[r.BloomQuality:5]]
[2020.10.13-13.18.13:221][  0]LogConfig: Setting CVar [[r.FastBlurThreshold:100]]
[2020.10.13-13.18.13:221][  0]LogConfig: Setting CVar [[r.Upscale.Quality:3]]
[2020.10.13-13.18.13:221][  0]LogConfig: Setting CVar [[r.Tonemapper.GrainQuantization:1]]
[2020.10.13-13.18.13:221][  0]LogConfig: Setting CVar [[r.LightShaftQuality:1]]
[2020.10.13-13.18.13:221][  0]LogConfig: Setting CVar [[r.Filter.SizeScale:1]]
[2020.10.13-13.18.13:221][  0]LogConfig: Setting CVar [[r.Tonemapper.Quality:5]]
[2020.10.13-13.18.13:221][  0]LogConfig: Setting CVar [[r.DOF.Gather.AccumulatorQuality:1        ; higher gathering accumulator quality]]
[2020.10.13-13.18.13:221][  0]LogConfig: Setting CVar [[r.DOF.Gather.PostfilterMethod:1          ; Median3x3 postfilering method]]
[2020.10.13-13.18.13:221][  0]LogConfig: Setting CVar [[r.DOF.Gather.EnableBokehSettings:0       ; no bokeh simulation when gathering]]
[2020.10.13-13.18.13:221][  0]LogConfig: Setting CVar [[r.DOF.Gather.RingCount:4                 ; medium number of samples when gathering]]
[2020.10.13-13.18.13:221][  0]LogConfig: Setting CVar [[r.DOF.Scatter.ForegroundCompositing:1    ; additive foreground scattering]]
[2020.10.13-13.18.13:221][  0]LogConfig: Setting CVar [[r.DOF.Scatter.BackgroundCompositing:2    ; additive background scattering]]
[2020.10.13-13.18.13:221][  0]LogConfig: Setting CVar [[r.DOF.Scatter.EnableBokehSettings:1      ; bokeh simulation when scattering]]
[2020.10.13-13.18.13:221][  0]LogConfig: Setting CVar [[r.DOF.Scatter.MaxSpriteRatio:0.1         ; only a maximum of 10% of scattered bokeh]]
[2020.10.13-13.18.13:221][  0]LogConfig: Setting CVar [[r.DOF.Recombine.Quality:1                ; cheap slight out of focus]]
[2020.10.13-13.18.13:221][  0]LogConfig: Setting CVar [[r.DOF.Recombine.EnableBokehSettings:0    ; no bokeh simulation on slight out of focus]]
[2020.10.13-13.18.13:221][  0]LogConfig: Setting CVar [[r.DOF.TemporalAAQuality:1                ; more stable temporal accumulation]]
[2020.10.13-13.18.13:221][  0]LogConfig: Setting CVar [[r.DOF.Kernel.MaxForegroundRadius:0.025]]
[2020.10.13-13.18.13:221][  0]LogConfig: Setting CVar [[r.DOF.Kernel.MaxBackgroundRadius:0.025]]
[2020.10.13-13.18.13:221][  0]LogConfig: Applying CVar settings from Section [TextureQuality@3] File [E:/Unreal Projects/ToonTanks/Saved/Config/Windows/Scalability.ini]
[2020.10.13-13.18.13:221][  0]LogConfig: Setting CVar [[r.Streaming.MipBias:0]]
[2020.10.13-13.18.13:221][  0]LogConfig: Setting CVar [[r.Streaming.AmortizeCPUToGPUCopy:0]]
[2020.10.13-13.18.13:221][  0]LogConfig: Setting CVar [[r.Streaming.MaxNumTexturesToStreamPerFrame:0]]
[2020.10.13-13.18.13:221][  0]LogConfig: Setting CVar [[r.Streaming.Boost:1]]
[2020.10.13-13.18.13:221][  0]LogConfig: Setting CVar [[r.MaxAnisotropy:8]]
[2020.10.13-13.18.13:221][  0]LogConfig: Setting CVar [[r.Streaming.LimitPoolSizeToVRAM:0]]
[2020.10.13-13.18.13:221][  0]LogConfig: Setting CVar [[r.Streaming.PoolSize:1000]]
[2020.10.13-13.18.13:221][  0]LogConfig: Setting CVar [[r.Streaming.MaxEffectiveScreenSize:0]]
[2020.10.13-13.18.13:221][  0]LogConfig: Applying CVar settings from Section [EffectsQuality@3] File [E:/Unreal Projects/ToonTanks/Saved/Config/Windows/Scalability.ini]
[2020.10.13-13.18.13:222][  0]LogConfig: Setting CVar [[r.TranslucencyLightingVolumeDim:64]]
[2020.10.13-13.18.13:222][  0]LogConfig: Setting CVar [[r.RefractionQuality:2]]
[2020.10.13-13.18.13:222][  0]LogConfig: Setting CVar [[r.SSR.Quality:3]]
[2020.10.13-13.18.13:222][  0]LogConfig: Setting CVar [[r.SceneColorFormat:4]]
[2020.10.13-13.18.13:222][  0]LogConfig: Setting CVar [[r.DetailMode:2]]
[2020.10.13-13.18.13:222][  0]LogConfig: Setting CVar [[r.TranslucencyVolumeBlur:1]]
[2020.10.13-13.18.13:222][  0]LogConfig: Setting CVar [[r.MaterialQualityLevel:1 ; High quality]]
[2020.10.13-13.18.13:222][  0]LogConfig: Setting CVar [[r.SSS.Scale:1]]
[2020.10.13-13.18.13:222][  0]LogConfig: Setting CVar [[r.SSS.SampleSet:2]]
[2020.10.13-13.18.13:222][  0]LogConfig: Setting CVar [[r.SSS.Quality:1]]
[2020.10.13-13.18.13:222][  0]LogConfig: Setting CVar [[r.SSS.HalfRes:1]]
[2020.10.13-13.18.13:222][  0]LogConfig: Setting CVar [[r.EmitterSpawnRateScale:1.0]]
[2020.10.13-13.18.13:222][  0]LogConfig: Setting CVar [[r.ParticleLightQuality:2]]
[2020.10.13-13.18.13:222][  0]LogConfig: Applying CVar settings from Section [FoliageQuality@3] File [E:/Unreal Projects/ToonTanks/Saved/Config/Windows/Scalability.ini]
[2020.10.13-13.18.13:222][  0]LogConfig: Setting CVar [[foliage.DensityScale:1.0]]
[2020.10.13-13.18.13:222][  0]LogConfig: Setting CVar [[grass.DensityScale:1.0]]
[2020.10.13-13.18.13:222][  0]LogConfig: Applying CVar settings from Section [Startup] File [../../../Engine/Config/ConsoleVariables.ini]
[2020.10.13-13.18.13:222][  0]LogConfig: Setting CVar [[net.UseAdaptiveNetUpdateFrequency:0]]
[2020.10.13-13.18.13:222][  0]LogConfig: Setting CVar [[p.chaos.AllowCreatePhysxBodies:1]]
[2020.10.13-13.18.13:222][  0]LogConfig: Applying CVar settings from Section [ConsoleVariables] File [E:/Unreal Projects/ToonTanks/Saved/Config/Windows/Engine.ini]
[2020.10.13-13.18.13:222][  0]LogInit: Computer: DESKTOP-5IKN2Q1
[2020.10.13-13.18.13:222][  0]LogInit: User: Alex
[2020.10.13-13.18.13:222][  0]LogInit: CPU Page size=4096, Cores=12
[2020.10.13-13.18.13:222][  0]LogInit: High frequency timer resolution =10.000000 MHz
[2020.10.13-13.18.13:222][  0]LogMemory: Memory total: Physical=23.9GB (24GB approx)
[2020.10.13-13.18.13:222][  0]LogMemory: Platform Memory Stats for Windows
[2020.10.13-13.18.13:222][  0]LogMemory: Process Physical Memory: 104.61 MB used, 104.61 MB peak
[2020.10.13-13.18.13:222][  0]LogMemory: Process Virtual Memory: 97.15 MB used, 97.15 MB peak
[2020.10.13-13.18.13:222][  0]LogMemory: Physical Memory: 6294.51 MB used,  18194.01 MB free, 24488.52 MB total
[2020.10.13-13.18.13:222][  0]LogMemory: Virtual Memory: 4765.84 MB used,  134212960.00 MB free, 134217728.00 MB total
[2020.10.13-13.18.13:243][  0]LogInit: Using OS detected language (en-US).
[2020.10.13-13.18.13:243][  0]LogInit: Using OS detected locale (en-US).
[2020.10.13-13.18.13:243][  0]LogTextLocalizationManager: No specific localization for 'en-US' exists, so the 'en' localization will be used.
[2020.10.13-13.18.13:364][  0]LogInit: Setting process to per monitor DPI aware
[2020.10.13-13.18.13:387][  0]LogSlate: New Slate User Created.  User Index 0, Is Virtual User: 0
[2020.10.13-13.18.13:387][  0]LogSlate: Slate User Registered.  User Index 0, Is Virtual User: 0
[2020.10.13-13.18.13:506][  0]LogHMD: Failed to initialize OpenVR with code 110
[2020.10.13-13.18.13:506][  0]LogD3D11RHI: D3D11 adapters:
[2020.10.13-13.18.13:576][  0]LogD3D11RHI:    0. 'NVIDIA GeForce GTX 1650 SUPER' (Feature Level 11_0)
[2020.10.13-13.18.13:576][  0]LogD3D11RHI:       3955/0/12244 MB DedicatedVideo/DedicatedSystem/SharedSystem, Outputs:1, VendorId:0x10de
[2020.10.13-13.18.13:579][  0]LogD3D11RHI:    1. 'Microsoft Basic Render Driver' (Feature Level 11_0)
[2020.10.13-13.18.13:579][  0]LogD3D11RHI:       0/0/12244 MB DedicatedVideo/DedicatedSystem/SharedSystem, Outputs:0, VendorId:0x1414
[2020.10.13-13.18.13:579][  0]LogD3D11RHI: Chosen D3D11 Adapter: 0
[2020.10.13-13.18.13:586][  0]LogD3D11RHI: Creating new Direct3DDevice
[2020.10.13-13.18.13:586][  0]LogD3D11RHI:     GPU DeviceId: 0x2187 (for the marketing name, search the web for "GPU Device Id")
[2020.10.13-13.18.13:586][  0]LogWindows: EnumDisplayDevices:
[2020.10.13-13.18.13:586][  0]LogWindows:    0. 'NVIDIA GeForce GTX 1650 SUPER' (P:1 D:1)
[2020.10.13-13.18.13:586][  0]LogWindows:    1. 'NVIDIA GeForce GTX 1650 SUPER' (P:0 D:0)
[2020.10.13-13.18.13:587][  0]LogWindows:    2. 'NVIDIA GeForce GTX 1650 SUPER' (P:0 D:0)
[2020.10.13-13.18.13:587][  0]LogWindows:    3. 'NVIDIA GeForce GTX 1650 SUPER' (P:0 D:0)
[2020.10.13-13.18.13:587][  0]LogWindows: DebugString: FoundDriverCount:4 
[2020.10.13-13.18.13:587][  0]LogD3D11RHI:     Adapter Name: NVIDIA GeForce GTX 1650 SUPER
[2020.10.13-13.18.13:587][  0]LogD3D11RHI:   Driver Version: 451.67 (internal:27.21.14.5167, unified:451.67)
[2020.10.13-13.18.13:587][  0]LogD3D11RHI:      Driver Date: 7-5-2020
[2020.10.13-13.18.13:587][  0]LogRHI: Texture pool is 2768 MB (70% of 3955 MB)
[2020.10.13-13.18.13:628][  0]LogD3D11RHI: Async texture creation enabled
[2020.10.13-13.18.13:638][  0]LogRendererCore: FGlobalReadBuffer::InitRHI
[2020.10.13-13.18.13:638][  0]LogRendererCore: FGlobalReadBuffer::InitRHI
[2020.10.13-13.18.13:638][  0]LogRendererCore: FGlobalReadBuffer::InitRHI
[2020.10.13-13.18.13:651][  0]LogD3D11RHI: GPU Timing Frequency: 1000.000000 (Debug: 2 2)
[2020.10.13-13.18.13:848][  0]LogTemp: Display: Module 'AllDesktopTargetPlatform' loaded TargetPlatform 'AllDesktop'
[2020.10.13-13.18.13:860][  0]LogTemp: Display: Module 'MacClientTargetPlatform' loaded TargetPlatform 'MacClient'
[2020.10.13-13.18.13:872][  0]LogTemp: Display: Module 'MacNoEditorTargetPlatform' loaded TargetPlatform 'MacNoEditor'
[2020.10.13-13.18.13:884][  0]LogTemp: Display: Module 'MacServerTargetPlatform' loaded TargetPlatform 'MacServer'
[2020.10.13-13.18.13:897][  0]LogTemp: Display: Module 'MacTargetPlatform' loaded TargetPlatform 'Mac'
[2020.10.13-13.18.13:909][  0]LogTemp: Display: Module 'WindowsClientTargetPlatform' loaded TargetPlatform 'WindowsClient'
[2020.10.13-13.18.13:921][  0]LogTemp: Display: Module 'WindowsNoEditorTargetPlatform' loaded TargetPlatform 'WindowsNoEditor'
[2020.10.13-13.18.13:933][  0]LogTemp: Display: Module 'WindowsServerTargetPlatform' loaded TargetPlatform 'WindowsServer'
[2020.10.13-13.18.13:939][  0]LogTemp: Display: Module 'WindowsTargetPlatform' loaded TargetPlatform 'Windows'
[2020.10.13-13.18.14:012][  0]LogTemp: Display: Module 'AndroidTargetPlatform' loaded TargetPlatform 'Android'
[2020.10.13-13.18.14:012][  0]LogTemp: Display: Module 'AndroidTargetPlatform' loaded TargetPlatform 'Android_ASTC'
[2020.10.13-13.18.14:012][  0]LogTemp: Display: Module 'AndroidTargetPlatform' loaded TargetPlatform 'Android_ATC'
[2020.10.13-13.18.14:012][  0]LogTemp: Display: Module 'AndroidTargetPlatform' loaded TargetPlatform 'Android_DXT'
[2020.10.13-13.18.14:012][  0]LogTemp: Display: Module 'AndroidTargetPlatform' loaded TargetPlatform 'Android_ETC1'
[2020.10.13-13.18.14:012][  0]LogTemp: Display: Module 'AndroidTargetPlatform' loaded TargetPlatform 'Android_ETC1a'
[2020.10.13-13.18.14:012][  0]LogTemp: Display: Module 'AndroidTargetPlatform' loaded TargetPlatform 'Android_ETC2'
[2020.10.13-13.18.14:012][  0]LogTemp: Display: Module 'AndroidTargetPlatform' loaded TargetPlatform 'Android_PVRTC'
[2020.10.13-13.18.14:012][  0]LogTemp: Display: Module 'AndroidTargetPlatform' loaded TargetPlatform 'AndroidClient'
[2020.10.13-13.18.14:012][  0]LogTemp: Display: Module 'AndroidTargetPlatform' loaded TargetPlatform 'Android_ASTCClient'
[2020.10.13-13.18.14:012][  0]LogTemp: Display: Module 'AndroidTargetPlatform' loaded TargetPlatform 'Android_ATCClient'
[2020.10.13-13.18.14:012][  0]LogTemp: Display: Module 'AndroidTargetPlatform' loaded TargetPlatform 'Android_DXTClient'
[2020.10.13-13.18.14:012][  0]LogTemp: Display: Module 'AndroidTargetPlatform' loaded TargetPlatform 'Android_ETC1Client'
[2020.10.13-13.18.14:012][  0]LogTemp: Display: Module 'AndroidTargetPlatform' loaded TargetPlatform 'Android_ETC1aClient'
[2020.10.13-13.18.14:012][  0]LogTemp: Display: Module 'AndroidTargetPlatform' loaded TargetPlatform 'Android_ETC2Client'
[2020.10.13-13.18.14:012][  0]LogTemp: Display: Module 'AndroidTargetPlatform' loaded TargetPlatform 'Android_PVRTCClient'
[2020.10.13-13.18.14:012][  0]LogTemp: Display: Module 'AndroidTargetPlatform' loaded TargetPlatform 'Android_Multi'
[2020.10.13-13.18.14:012][  0]LogTemp: Display: Module 'AndroidTargetPlatform' loaded TargetPlatform 'Android_MultiClient'
[2020.10.13-13.18.14:014][  0]LogTemp: Display: Module 'HTML5TargetPlatform' loaded TargetPlatform 'HTML5'
[2020.10.13-13.18.14:059][  0]LogTemp: Display: Module 'IOSTargetPlatform' loaded TargetPlatform 'IOSClient'
[2020.10.13-13.18.14:059][  0]LogTemp: Display: Module 'IOSTargetPlatform' loaded TargetPlatform 'IOS'
[2020.10.13-13.18.14:080][  0]LogTemp: Display: Module 'TVOSTargetPlatform' loaded TargetPlatform 'TVOSClient'
[2020.10.13-13.18.14:080][  0]LogTemp: Display: Module 'TVOSTargetPlatform' loaded TargetPlatform 'TVOS'
[2020.10.13-13.18.14:091][  0]LogTemp: Display: Module 'LinuxClientTargetPlatform' loaded TargetPlatform 'LinuxClient'
[2020.10.13-13.18.14:102][  0]LogTemp: Display: Module 'LinuxNoEditorTargetPlatform' loaded TargetPlatform 'LinuxNoEditor'
[2020.10.13-13.18.14:113][  0]LogTemp: Display: Module 'LinuxServerTargetPlatform' loaded TargetPlatform 'LinuxServer'
[2020.10.13-13.18.14:124][  0]LogTemp: Display: Module 'LinuxTargetPlatform' loaded TargetPlatform 'Linux'
[2020.10.13-13.18.14:163][  0]LogTemp: Display: Module 'LuminTargetPlatform' loaded TargetPlatform 'Lumin'
[2020.10.13-13.18.14:163][  0]LogTemp: Display: Module 'LuminTargetPlatform' loaded TargetPlatform 'LuminClient'
[2020.10.13-13.18.14:164][  0]LogTargetPlatformManager: Display: Building Assets For Windows
[2020.10.13-13.18.14:171][  0]LogAudioDebug: Display: Lib vorbis DLL was dynamically loaded.
[2020.10.13-13.18.14:212][  0]LogShaderCompilers: Guid format shader working directory is 16 characters bigger than the processId version (E:/Unreal Projects/ToonTanks/Intermediate/Shaders/WorkingDirectory/13500/).
[2020.10.13-13.18.14:212][  0]LogShaderCompilers: Cleaned the shader compiler working directory 'C:/Users/Alex/AppData/Local/Temp/UnrealShaderWorkingDir/7EAB3849460B2A93477006819E9BAE4A/'.
[2020.10.13-13.18.14:214][  0]LogXGEController: Cleaning working directory: C:/Users/Alex/AppData/Local/Temp/UnrealXGEWorkingDir/
[2020.10.13-13.18.14:214][  0]LogXGEController: Cannot use XGE Controller as Incredibuild is not installed on this machine.
[2020.10.13-13.18.14:214][  0]LogShaderCompilers: Cannot use XGE Shader Compiler as Incredibuild is not installed on this machine.
[2020.10.13-13.18.14:214][  0]LogShaderCompilers: Display: Using Local Shader Compiler.
[2020.10.13-13.18.14:673][  0]LogDerivedDataCache: Display: Max Cache Size: 512 MB
[2020.10.13-13.18.14:713][  0]LogDerivedDataCache: Loaded boot cache 0.04s 71MB C:/Users/Alex/AppData/Local/UnrealEngine/4.22/DerivedDataCache/Boot.ddc.
[2020.10.13-13.18.14:713][  0]LogDerivedDataCache: Display: Loaded Boot cache: C:/Users/Alex/AppData/Local/UnrealEngine/4.22/DerivedDataCache/Boot.ddc
[2020.10.13-13.18.14:713][  0]LogDerivedDataCache: FDerivedDataBackendGraph:  Pak pak cache file E:/Unreal Projects/ToonTanks/DerivedDataCache/DDC.ddp not found, will not use a pak cache.
[2020.10.13-13.18.14:713][  0]LogDerivedDataCache: Unable to find inner node Pak for hierarchical cache Hierarchy.
[2020.10.13-13.18.14:713][  0]LogDerivedDataCache: FDerivedDataBackendGraph:  CompressedPak pak cache file E:/Unreal Projects/ToonTanks/DerivedDataCache/Compressed.ddp not found, will not use a pak cache.
[2020.10.13-13.18.14:713][  0]LogDerivedDataCache: Unable to find inner node CompressedPak for hierarchical cache Hierarchy.
[2020.10.13-13.18.14:724][  0]LogDerivedDataCache: Display: Pak cache opened for reading ../../../Engine/DerivedDataCache/Compressed.ddp.
[2020.10.13-13.18.14:724][  0]LogDerivedDataCache: FDerivedDataBackendGraph:  EnterprisePak pak cache file ../../../Enterprise/DerivedDataCache/Compressed.ddp not found, will not use a pak cache.
[2020.10.13-13.18.14:724][  0]LogDerivedDataCache: Unable to find inner node EnterprisePak for hierarchical cache Hierarchy.
[2020.10.13-13.18.14:736][  0]LogDerivedDataCache: Using Local data cache path C:/Users/Alex/AppData/Local/UnrealEngine/Common/DerivedDataCache: Writable
[2020.10.13-13.18.14:736][  0]LogDerivedDataCache: Shared data cache path not found in *engine.ini, will not use an Shared cache.
[2020.10.13-13.18.14:736][  0]LogDerivedDataCache: Unable to find inner node Shared for hierarchical cache Hierarchy.
[2020.10.13-13.18.14:755][  0]LogMaterial: Verifying Global Shaders for PCD3D_SM5
[2020.10.13-13.18.14:756][  0]LogSlate: Using FreeType 2.6.0
[2020.10.13-13.18.14:757][  0]LogSlate: SlateFontServices - WITH_FREETYPE: 1, WITH_HARFBUZZ: 1
[2020.10.13-13.18.14:828][  0]LogAssetRegistry: FAssetRegistry took 0.0320 seconds to start up
[2020.10.13-13.18.15:116][  0]LogInit: Selected Device Profile: [Windows]
[2020.10.13-13.18.15:223][  0]LogMeshReduction: Using QuadricMeshReduction for automatic static mesh reduction
[2020.10.13-13.18.15:223][  0]LogMeshReduction: Using SimplygonMeshReduction for automatic skeletal mesh reduction
[2020.10.13-13.18.15:223][  0]LogMeshReduction: Using ProxyLODMeshReduction for automatic mesh merging
[2020.10.13-13.18.15:223][  0]LogMeshReduction: No distributed automatic mesh merging module available
[2020.10.13-13.18.15:223][  0]LogMeshMerging: No distributed automatic mesh merging module available
[2020.10.13-13.18.15:233][  0]LogNetVersion: ToonTanks 1.0.0, NetCL: 5660361, EngineNetVer: 10, GameNetVer: 0 (Checksum: 1810852188)
[2020.10.13-13.18.15:533][  0]LogPackageLocalizationCache: Processed 10 localized package path(s) for 1 prioritized culture(s) in 0.028654 seconds
[2020.10.13-13.18.15:541][  0]LogUObjectArray: 42205 objects as part of root set at end of initial load.
[2020.10.13-13.18.15:541][  0]LogUObjectAllocator: 7325032 out of 0 bytes used by permanent object pool.
[2020.10.13-13.18.15:541][  0]LogUObjectArray: CloseDisregardForGC: 0/0 objects in disregard for GC pool
[2020.10.13-13.18.16:171][  0]LogTcpMessaging: Initializing TcpMessaging bridge
[2020.10.13-13.18.16:183][  0]LogUdpMessaging: Initializing bridge on interface 0.0.0.0:0 to multicast group 230.0.0.1:6666.
[2020.10.13-13.18.16:291][  0]SourceControl: Source control is disabled
[2020.10.13-13.18.16:291][  0]SourceControl: Source control is disabled
[2020.10.13-13.18.16:292][  0]SourceControl: Source control is disabled
[2020.10.13-13.18.16:292][  0]SourceControl: Source control is disabled
[2020.10.13-13.18.16:354][  0]LogAndroidPermission: UAndroidPermissionCallbackProxy::GetInstance
[2020.10.13-13.18.16:416][  0]LogOcInput: OculusInput pre-init called
[2020.10.13-13.18.16:942][  0]LogEngine: Initializing Engine...
[2020.10.13-13.18.16:942][  0]LogHMD: Failed to initialize OpenVR with code 110
[2020.10.13-13.18.16:943][  0]LogStats: UGameplayTagsManager::InitializeManager -  0.000 s
[2020.10.13-13.18.17:096][  0]LogInit: Initializing FReadOnlyCVARCache
[2020.10.13-13.18.17:108][  0]LogAIModule: Creating AISystem for world Untitled
[2020.10.13-13.18.17:120][  0]LogInit: XAudio2 using 'Speakers (High Definition Audio Device)' : 2 channels at 48 kHz using 32 bits per sample (channel mask 0x3)
[2020.10.13-13.18.17:141][  0]LogInit: FAudioDevice initialized.
[2020.10.13-13.18.17:142][  0]LogNetVersion: Set ProjectVersion to 1.0.0.0. Version Checksum will be recalculated on next use.
[2020.10.13-13.18.17:271][  0]LogDerivedDataCache: Saved boot cache 0.13s 71MB C:/Users/Alex/AppData/Local/UnrealEngine/4.22/DerivedDataCache/Boot.ddc.
[2020.10.13-13.18.17:281][  0]LogInit: Texture streaming: Enabled
[2020.10.13-13.18.17:298][  0]LogEngineSessionManager: EngineSessionManager initialized
[2020.10.13-13.18.17:321][  0]LogInit: Transaction tracking system initialized
[2020.10.13-13.18.17:340][  0]BlueprintLog: New page: Editor Load
[2020.10.13-13.18.17:409][  0]LocalizationService: Localization service is disabled
[2020.10.13-13.18.17:640][  0]LogFileCache: Scanning file cache for directory 'E:/Unreal Projects/ToonTanks/Content/' took 0.01s
[2020.10.13-13.18.17:640][  0]LogCook: Display: Max memory allowance for cook 16384mb min free memory 0mb
[2020.10.13-13.18.17:640][  0]LogCook: Display: Mobile HDR setting 1
[2020.10.13-13.18.17:780][  0]SourceControl: Source control is disabled
[2020.10.13-13.18.17:780][  0]Cmd: MAP LOAD FILE="E:/Unreal Projects/ToonTanks/Content/Maps/Main.umap" TEMPLATE=0 SHOWPROGRESS=1 FEATURELEVEL=3
[2020.10.13-13.18.17:780][  0]LightingResults: New page: Lighting Build
[2020.10.13-13.18.17:783][  0]MapCheck: New page: Map Check
[2020.10.13-13.18.17:783][  0]LightingResults: New page: Lighting Build
[2020.10.13-13.18.17:815][  0]LogUObjectHash: Compacting FUObjectHashTables data took   1.53ms
[2020.10.13-13.18.17:921][  0]LogAIModule: Creating AISystem for world Main
[2020.10.13-13.18.17:924][  0]LogEditorServer: Finished looking for orphan Actors (0.000 secs)
[2020.10.13-13.18.17:957][  0]LogUObjectHash: Compacting FUObjectHashTables data took   1.79ms
[2020.10.13-13.18.17:957][  0]Cmd: MAP CHECKDEP NOCLEARLOG
[2020.10.13-13.18.17:957][  0]MapCheck: Map check complete: 0 Error(s), 0 Warning(s), took 0.096ms to complete.
[2020.10.13-13.18.17:957][  0]LogFileHelpers: Loading map 'Main' took 0.177
[2020.10.13-13.18.18:047][  0]LogSlate: Updating window title bar state: overlay mode, drag disabled, window buttons hidden, title bar hidden
[2020.10.13-13.18.18:052][  0]LogSlate: Updating window title bar state: overlay mode, drag disabled, window buttons hidden, title bar hidden
[2020.10.13-13.18.18:058][  0]LogSlate: Updating window title bar state: overlay mode, drag disabled, window buttons hidden, title bar hidden
[2020.10.13-13.18.18:064][  0]LogSlate: Updating window title bar state: overlay mode, drag disabled, window buttons hidden, title bar hidden
[2020.10.13-13.18.18:069][  0]LogCollectionManager: Loaded 0 collections in 0.001260 seconds
[2020.10.13-13.18.18:095][  0]LogFileCache: Scanning file cache for directory 'E:/Unreal Projects/ToonTanks/Saved/Collections/' took 0.01s
[2020.10.13-13.18.18:095][  0]LogFileCache: Scanning file cache for directory 'E:/Unreal Projects/ToonTanks/Content/Developers/Alex/Collections/' took 0.00s
[2020.10.13-13.18.18:095][  0]LogFileCache: Scanning file cache for directory 'E:/Unreal Projects/ToonTanks/Content/Collections/' took 0.01s
[2020.10.13-13.18.18:095][  0]LogCollectionManager: Rebuilt the GUID cache for 0 collections in 0.000000 seconds
[2020.10.13-13.18.18:103][  0]LogContentBrowser: Native class hierarchy populated in 0.0084 seconds. Added 2736 classes and 663 folders.
[2020.10.13-13.18.18:109][  0]LogContentBrowser: Native class hierarchy updated for 'WidgetCarousel' in 0.0003 seconds. Added 0 classes and 0 folders.
[2020.10.13-13.18.18:110][  0]LogPakFile: Registered encryption key '00000000000000000000000000000000': 0 pak files mounted, 0 remain pending
[2020.10.13-13.18.18:110][  0]LogPakFile: Registered encryption key '00000000000000000000000000000000': 0 pak files mounted, 0 remain pending
[2020.10.13-13.18.18:110][  0]LogPakFile: Registered encryption key '00000000000000000000000000000000': 0 pak files mounted, 0 remain pending
[2020.10.13-13.18.18:111][  0]LogPakFile: Registered encryption key '00000000000000000000000000000000': 0 pak files mounted, 0 remain pending
[2020.10.13-13.18.18:111][  0]LogPakFile: Registered encryption key '00000000000000000000000000000000': 0 pak files mounted, 0 remain pending
[2020.10.13-13.18.18:111][  0]LogPakFile: Registered encryption key '00000000000000000000000000000000': 0 pak files mounted, 0 remain pending
[2020.10.13-13.18.18:112][  0]LogPakFile: Registered encryption key '00000000000000000000000000000000': 0 pak files mounted, 0 remain pending
[2020.10.13-13.18.18:112][  0]LogPakFile: Registered encryption key '00000000000000000000000000000000': 0 pak files mounted, 0 remain pending
[2020.10.13-13.18.18:112][  0]LogPakFile: Registered encryption key '00000000000000000000000000000000': 0 pak files mounted, 0 remain pending
[2020.10.13-13.18.18:113][  0]LogPakFile: Registered encryption key '00000000000000000000000000000000': 0 pak files mounted, 0 remain pending
[2020.10.13-13.18.18:113][  0]LogPakFile: Registered encryption key '00000000000000000000000000000000': 0 pak files mounted, 0 remain pending
[2020.10.13-13.18.18:113][  0]LogPakFile: Registered encryption key '00000000000000000000000000000000': 0 pak files mounted, 0 remain pending
[2020.10.13-13.18.18:113][  0]LogPakFile: Registered encryption key '00000000000000000000000000000000': 0 pak files mounted, 0 remain pending
[2020.10.13-13.18.18:114][  0]LogPakFile: Registered encryption key '00000000000000000000000000000000': 0 pak files mounted, 0 remain pending
[2020.10.13-13.18.18:114][  0]LogPakFile: Registered encryption key '00000000000000000000000000000000': 0 pak files mounted, 0 remain pending
[2020.10.13-13.18.18:114][  0]LogPakFile: Registered encryption key '00000000000000000000000000000000': 0 pak files mounted, 0 remain pending
[2020.10.13-13.18.18:115][  0]LogPakFile: Registered encryption key '00000000000000000000000000000000': 0 pak files mounted, 0 remain pending
[2020.10.13-13.18.18:115][  0]LogPakFile: Registered encryption key '00000000000000000000000000000000': 0 pak files mounted, 0 remain pending
[2020.10.13-13.18.18:115][  0]LogPakFile: Registered encryption key '00000000000000000000000000000000': 0 pak files mounted, 0 remain pending
[2020.10.13-13.18.18:116][  0]LogPakFile: Registered encryption key '00000000000000000000000000000000': 0 pak files mounted, 0 remain pending
[2020.10.13-13.18.18:116][  0]LogPakFile: Registered encryption key '00000000000000000000000000000000': 0 pak files mounted, 0 remain pending
[2020.10.13-13.18.18:116][  0]LogPakFile: Registered encryption key '00000000000000000000000000000000': 0 pak files mounted, 0 remain pending
[2020.10.13-13.18.18:117][  0]LogPakFile: Registered encryption key '00000000000000000000000000000000': 0 pak files mounted, 0 remain pending
[2020.10.13-13.18.18:117][  0]LogPakFile: Registered encryption key '00000000000000000000000000000000': 0 pak files mounted, 0 remain pending
[2020.10.13-13.18.18:117][  0]LogPakFile: Registered encryption key '00000000000000000000000000000000': 0 pak files mounted, 0 remain pending
[2020.10.13-13.18.18:118][  0]LogPakFile: Registered encryption key '00000000000000000000000000000000': 0 pak files mounted, 0 remain pending
[2020.10.13-13.18.18:139][  0]LogContentBrowser: Native class hierarchy updated for 'AddContentDialog' in 0.0003 seconds. Added 0 classes and 0 folders.
[2020.10.13-13.18.18:146][  0]LogContentBrowser: Native class hierarchy updated for 'SceneOutliner' in 0.0003 seconds. Added 1 classes and 2 folders.
[2020.10.13-13.18.19:077][  0]LogSlate: Only BGRA pngs, bmps or icos are supported in by External Image Picker
[2020.10.13-13.18.19:116][  0]LogSlate: Took 0.000177 seconds to synchronously load lazily loaded font '../../../Engine/Content/Slate/Fonts/Roboto-Regular.ttf' (155K)
[2020.10.13-13.18.19:117][  0]LogSlate: Took 0.000102 seconds to synchronously load lazily loaded font '../../../Engine/Content/Slate/Fonts/Roboto-Bold.ttf' (160K)
[2020.10.13-13.18.19:121][  0]LogSlate: Took 0.000096 seconds to synchronously load lazily loaded font '../../../Engine/Content/Editor/Slate/Fonts/FontAwesome.ttf' (139K)
[2020.10.13-13.18.19:169][  0]LogRenderer: Reallocating scene render targets to support 1208x572 Format 10 NumSamples 1 (Frame:1).
[2020.10.13-13.18.19:305][  0]LogContentBrowser: Native class hierarchy updated for 'HierarchicalLODOutliner' in 0.0003 seconds. Added 0 classes and 0 folders.
[2020.10.13-13.18.19:306][  0]LogLoad: (Engine Initialization) Total time: 14.96 seconds
[2020.10.13-13.18.19:306][  0]LogLoad: (Engine Initialization) Total Blueprint compile time: 0.00 seconds
[2020.10.13-13.18.19:352][  0]LogAssetRegistry: Asset discovery search completed in 4.5462 seconds
[2020.10.13-13.18.19:354][  0]LogCollectionManager: Rebuilt the object cache for 0 collections in 0.000001 seconds (found 0 objects)
[2020.10.13-13.18.19:354][  0]LogCollectionManager: Fixed up redirectors for 0 collections in 0.000040 seconds (updated 0 objects)
[2020.10.13-13.18.19:355][  0]LogContentStreaming: Texture pool size now 1000 MB
[2020.10.13-13.18.19:379][  0]LogSlate: Took 0.000154 seconds to synchronously load lazily loaded font '../../../Engine/Content/Slate/Fonts/Roboto-Light.ttf' (167K)
[2020.10.13-13.18.20:331][111]LogSlate: Took 0.000178 seconds to synchronously load lazily loaded font '../../../Engine/Content/Slate/Fonts/Roboto-Light.ttf' (167K)
[2020.10.13-13.18.24:425][602]LogSlate: FSceneViewport::OnFocusLost() reason 0
[2020.10.13-13.18.29:617][224]LogAssetEditorManager: Opening Asset editor for Class /Script/ToonTanks.ProjectileBase
[2020.10.13-13.18.44:658][438]Candidate modules for hot reload:
[2020.10.13-13.18.44:658][438]  ToonTanks
[2020.10.13-13.18.44:658][438]Launching UnrealBuildTool... [C:/Program Files/Epic Games/UE_4.22/Engine/Binaries/DotNET/UnrealBuildTool.exe  -ModuleWithSuffix=ToonTanks,4267 Win64 Development -TargetType=Editor -Project="E:/Unreal Projects/ToonTanks/ToonTanks.uproject" "E:/Unreal Projects/ToonTanks/ToonTanks.uproject"  -IgnoreJunk]
[2020.10.13-13.18.44:659][438]Warning: Starting HotReload took  0.0s.
[2020.10.13-13.18.47:583][788]CompilerResultsLog: New page: Compilation - Oct 13, 2020, 5:18:47 PM
[2020.10.13-13.18.47:583][788]CompilerResultsLog: Using 'git status' to determine working set for adaptive non-unity build (E:\Unreal Projects\ToonTanks).
[2020.10.13-13.18.47:583][788]CompilerResultsLog: Creating makefile for ToonTanksEditor (ini files are newer than makefile)
[2020.10.13-13.18.47:583][788]CompilerResultsLog: Using Visual Studio 2019 14.27.29110 toolchain (C:\Program Files (x86)\Microsoft Visual Studio\2019\Community\VC\Tools\MSVC\14.27.29110) and Windows 10.0.18362.0 SDK (C:\Program Files (x86)\Windows Kits\10).
[2020.10.13-13.18.47:583][788]CompilerResultsLog: Building 4 actions with 24 processes...
[2020.10.13-13.18.47:583][788]CompilerResultsLog:   [1/4] ProjectileBase.cpp
[2020.10.13-13.18.47:583][788]CompilerResultsLog:   [2/4] UE4Editor-ToonTanks-4267.lib
[2020.10.13-13.18.47:583][788]CompilerResultsLog:      Creating library E:\Unreal Projects\ToonTanks\Intermediate\Build\Win64\UE4Editor\Development\ToonTanks\UE4Editor-ToonTanks-4267.lib and object E:\Unreal Projects\ToonTanks\Intermediate\Build\Win64\UE4Editor\Development\ToonTanks\UE4Editor-ToonTanks-4267.exp
[2020.10.13-13.18.47:583][788]CompilerResultsLog:   [3/4] UE4Editor-ToonTanks-4267.dll
[2020.10.13-13.18.47:583][788]CompilerResultsLog:      Creating library E:\Unreal Projects\ToonTanks\Intermediate\Build\Win64\UE4Editor\Development\ToonTanks\UE4Editor-ToonTanks-4267.suppressed.lib and object E:\Unreal Projects\ToonTanks\Intermediate\Build\Win64\UE4Editor\Development\ToonTanks\UE4Editor-ToonTanks-4267.suppressed.exp
[2020.10.13-13.18.47:583][788]CompilerResultsLog:   [4/4] ToonTanksEditor.target
[2020.10.13-13.18.47:583][788]CompilerResultsLog: Total time in Parallel executor: 1.39 seconds
[2020.10.13-13.18.47:583][788]CompilerResultsLog: Total execution time: 2.86 seconds
[2020.10.13-13.18.47:583][788]LogMainFrame: MainFrame: Module compiling took 2.928 seconds
[2020.10.13-13.18.47:616][788]LogUObjectHash: Compacting FUObjectHashTables data took   0.70ms
[2020.10.13-13.18.47:640][788]LogHotReload: Re-instancing ProjectileBase after hot-reload.
[2020.10.13-13.18.47:715][788]LogContentBrowser: Native class hierarchy updated for 'ToonTanks' in 0.0004 seconds. Added 4 classes and 4 folders.
[2020.10.13-13.18.47:717][788]Display: HotReload successful (1 functions remapped  0 scriptstructs remapped)
[2020.10.13-13.18.48:008][788]LogUObjectHash: Compacting FUObjectHashTables data took   1.72ms
[2020.10.13-13.18.48:019][788]LogContentBrowser: Native class hierarchy populated in 0.0081 seconds. Added 2737 classes and 665 folders.
[2020.10.13-13.18.48:020][788]Display: HotReload took  3.4s.
[2020.10.13-13.18.48:938][898]LogTemp: Repeating last play command: Selected Viewport
[2020.10.13-13.18.48:951][898]LogBlueprintUserMessages: Early PlayInEditor Detection: Level '/Game/Maps/Main.Main:PersistentLevel' has LevelScriptBlueprint '/Game/Maps/Main.Main:PersistentLevel.Main' with GeneratedClass '/Game/Maps/Main.Main_C' with ClassGeneratedBy '/Game/Maps/Main.Main:PersistentLevel.Main'
[2020.10.13-13.18.48:952][898]LogPlayLevel: PlayLevel: No blueprints needed recompiling
[2020.10.13-13.18.48:952][898]PIE: New page: PIE session: Main (Oct 13, 2020, 5:18:48 PM)
[2020.10.13-13.18.48:964][898]LogPlayLevel: Creating play world package: /Game/Maps/UEDPIE_0_Main
[2020.10.13-13.18.48:967][898]LogPlayLevel: PIE: StaticDuplicateObject took: (0.002881s)
[2020.10.13-13.18.48:968][898]LogAIModule: Creating AISystem for world Main
[2020.10.13-13.18.48:968][898]LogPlayLevel: PIE: World Init took: (0.000518s)
[2020.10.13-13.18.48:968][898]LogPlayLevel: PIE: Created PIE world by copying editor world from /Game/Maps/Main.Main to /Game/Maps/UEDPIE_0_Main.Main (0.003803s)
[2020.10.13-13.18.48:998][898]LogUObjectHash: Compacting FUObjectHashTables data took   1.10ms
[2020.10.13-13.18.49:009][898]LogInit: XAudio2 using 'Speakers (High Definition Audio Device)' : 2 channels at 48 kHz using 32 bits per sample (channel mask 0x3)
[2020.10.13-13.18.49:017][898]LogInit: FAudioDevice initialized.
[2020.10.13-13.18.49:057][898]LogLoad: Game class is 'GameModeBase'
[2020.10.13-13.18.49:058][898]LogWorld: Bringing World /Game/Maps/UEDPIE_0_Main.Main up for play (max tick rate 0) at 2020.10.13-15.18.49
[2020.10.13-13.18.49:059][898]LogWorld: Bringing up level for play took: 0.001055
[2020.10.13-13.18.49:092][898]LogContentBrowser: Native class hierarchy updated for 'MovieSceneCapture' in 0.0004 seconds. Added 20 classes and 0 folders.
[2020.10.13-13.18.49:093][898]PIE: Play in editor start time for /Game/Maps/UEDPIE_0_Main 0.802
[2020.10.13-13.18.49:093][898]LogBlueprintUserMessages: Late PlayInEditor Detection: Level '/Game/Maps/Main.Main:PersistentLevel' has LevelScriptBlueprint '/Game/Maps/Main.Main:PersistentLevel.Main' with GeneratedClass '/Game/Maps/Main.Main_C' with ClassGeneratedBy '/Game/Maps/Main.Main:PersistentLevel.Main'
[2020.10.13-13.18.54:187][507]LogBlueprintUserMessages: Early EndPlayMap Detection: Level '/Game/Maps/Main.Main:PersistentLevel' has LevelScriptBlueprint '/Game/Maps/Main.Main:PersistentLevel.Main' with GeneratedClass '/Game/Maps/Main.Main_C' with ClassGeneratedBy '/Game/Maps/Main.Main:PersistentLevel.Main'
[2020.10.13-13.18.54:187][507]LogSlate: Updating window title bar state: overlay mode, drag disabled, window buttons hidden, title bar hidden
[2020.10.13-13.18.54:214][507]LogPlayLevel: Display: Shutting down PIE online subsystems
[2020.10.13-13.18.54:214][507]LogBlueprintUserMessages: Late EndPlayMap Detection: Level '/Game/Maps/Main.Main:PersistentLevel' has LevelScriptBlueprint '/Game/Maps/Main.Main:PersistentLevel.Main' with GeneratedClass '/Game/Maps/Main.Main_C' with ClassGeneratedBy '/Game/Maps/Main.Main:PersistentLevel.Main'
[2020.10.13-13.18.54:249][507]LogSlate: Updating window title bar state: overlay mode, drag disabled, window buttons hidden, title bar hidden
[2020.10.13-13.18.54:252][507]LogUObjectHash: Compacting FUObjectHashTables data took   1.33ms
[2020.10.13-13.18.54:286][510]LogPlayLevel: Display: Destroying online subsystem :Context_2
[2020.10.13-13.18.55:637][672]LogSlate: FSceneViewport::OnFocusLost() reason 0
[2020.10.13-13.18.57:871][939]LogAssetEditorManager: Opening Asset editor for Blueprint /Game/Blueprints/Actors/BP_ProjectileBase.BP_ProjectileBase
[2020.10.13-13.18.58:071][939]LogContentBrowser: Native class hierarchy updated for 'BlueprintGraph' in 0.0006 seconds. Added 121 classes and 0 folders.
[2020.10.13-13.19.01:525][275]LogSlate: Window 'BP_ProjectileBase' being destroyed
[2020.10.13-13.19.02:535][394]LogAssetEditorManager: Opening Asset editor for Blueprint /Game/Blueprints/Pawns/BP_PawnTurret.BP_PawnTurret
[2020.10.13-13.19.02:793][394]LogAssetEditorManager: Opening Asset editor for Blueprint /Game/Blueprints/Pawns/BP_PawnTank.BP_PawnTank
[2020.10.13-13.19.13:084][571]LogAssetEditorManager: Opening Asset editor for Blueprint /Game/Blueprints/Pawns/BP_PawnTurret.BP_PawnTurret
[2020.10.13-13.19.13:344][571]LogSlate: Took 0.000215 seconds to synchronously load lazily loaded font '../../../Engine/Content/Slate/Fonts/Roboto-BoldCondensed.ttf' (158K)
[2020.10.13-13.19.26:927][189]BlueprintLog: New page: Compile BP_PawnTurret
[2020.10.13-13.19.27:112][189]LogUObjectHash: Compacting FUObjectHashTables data took   3.53ms
[2020.10.13-13.19.28:064][296]Cmd: OBJ SAVEPACKAGE PACKAGE="/Game/Blueprints/Pawns/BP_PawnTurret" FILE="E:/Unreal Projects/ToonTanks/Content/Blueprints/Pawns/BP_PawnTurret.uasset" SILENT=true
[2020.10.13-13.19.28:087][296]LogSavePackage: Moving 'E:/Unreal Projects/ToonTanks/Saved/BP_PawnTurretC3DC50F84EA918085851C8851BC49ECD.tmp' to 'E:/Unreal Projects/ToonTanks/Content/Blueprints/Pawns/BP_PawnTurret.uasset'
[2020.10.13-13.19.28:881][389]LogSlate: Prevented a slow task dialog from being summoned while a context menu was open
[2020.10.13-13.19.32:620][835]LogTemp: Repeating last play command: Selected Viewport
[2020.10.13-13.19.32:641][835]LogBlueprintUserMessages: Early PlayInEditor Detection: Level '/Game/Maps/Main.Main:PersistentLevel' has LevelScriptBlueprint '/Game/Maps/Main.Main:PersistentLevel.Main' with GeneratedClass '/Game/Maps/Main.Main_C' with ClassGeneratedBy '/Game/Maps/Main.Main:PersistentLevel.Main'
[2020.10.13-13.19.32:642][835]LogPlayLevel: PlayLevel: No blueprints needed recompiling
[2020.10.13-13.19.32:642][835]PIE: New page: PIE session: Main (Oct 13, 2020, 5:19:32 PM)
[2020.10.13-13.19.32:642][835]LogPlayLevel: Creating play world package: /Game/Maps/UEDPIE_0_Main
[2020.10.13-13.19.32:644][835]LogPlayLevel: PIE: StaticDuplicateObject took: (0.002752s)
[2020.10.13-13.19.32:645][835]LogAIModule: Creating AISystem for world Main
[2020.10.13-13.19.32:645][835]LogPlayLevel: PIE: World Init took: (0.000455s)
[2020.10.13-13.19.32:645][835]LogPlayLevel: PIE: Created PIE world by copying editor world from /Game/Maps/Main.Main to /Game/Maps/UEDPIE_0_Main.Main (0.003303s)
[2020.10.13-13.19.32:687][835]LogUObjectHash: Compacting FUObjectHashTables data took   1.87ms
[2020.10.13-13.19.32:698][835]LogInit: XAudio2 using 'Speakers (High Definition Audio Device)' : 2 channels at 48 kHz using 32 bits per sample (channel mask 0x3)
[2020.10.13-13.19.32:705][835]LogInit: FAudioDevice initialized.
[2020.10.13-13.19.32:712][835]LogSlate: Updating window title bar state: overlay mode, drag disabled, window buttons hidden, title bar hidden
[2020.10.13-13.19.32:743][835]LogLoad: Game class is 'GameModeBase'
[2020.10.13-13.19.32:745][835]LogWorld: Bringing World /Game/Maps/UEDPIE_0_Main.Main up for play (max tick rate 0) at 2020.10.13-15.19.32
[2020.10.13-13.19.32:745][835]LogWorld: Bringing up level for play took: 0.000925
[2020.10.13-13.19.32:758][835]PIE: Play in editor start time for /Game/Maps/UEDPIE_0_Main 0.467
[2020.10.13-13.19.32:758][835]LogBlueprintUserMessages: Late PlayInEditor Detection: Level '/Game/Maps/Main.Main:PersistentLevel' has LevelScriptBlueprint '/Game/Maps/Main.Main:PersistentLevel.Main' with GeneratedClass '/Game/Maps/Main.Main_C' with ClassGeneratedBy '/Game/Maps/Main.Main:PersistentLevel.Main'
[2020.10.13-13.19.32:784][836]LogRenderer: Reallocating scene render targets to support 1272x688 Format 10 NumSamples 1 (Frame:1).
[2020.10.13-13.19.35:538][165]LogBlueprintUserMessages: Early EndPlayMap Detection: Level '/Game/Maps/Main.Main:PersistentLevel' has LevelScriptBlueprint '/Game/Maps/Main.Main:PersistentLevel.Main' with GeneratedClass '/Game/Maps/Main.Main_C' with ClassGeneratedBy '/Game/Maps/Main.Main:PersistentLevel.Main'
[2020.10.13-13.19.35:538][165]LogSlate: Updating window title bar state: overlay mode, drag disabled, window buttons hidden, title bar hidden
[2020.10.13-13.19.35:550][165]LogSlate: Window 'ToonTanks Game Preview Standalone (64-bit/PCD3D_SM5)' being destroyed
[2020.10.13-13.19.35:585][165]LogPlayLevel: Display: Shutting down PIE online subsystems
[2020.10.13-13.19.35:585][165]LogBlueprintUserMessages: Late EndPlayMap Detection: Level '/Game/Maps/Main.Main:PersistentLevel' has LevelScriptBlueprint '/Game/Maps/Main.Main:PersistentLevel.Main' with GeneratedClass '/Game/Maps/Main.Main_C' with ClassGeneratedBy '/Game/Maps/Main.Main:PersistentLevel.Main'
[2020.10.13-13.19.35:633][165]LogUObjectHash: Compacting FUObjectHashTables data took   1.64ms
[2020.10.13-13.19.35:659][166]LogPlayLevel: Display: Destroying online subsystem :Context_9
[2020.10.13-13.19.39:315][596]LogAssetEditorManager: Opening Asset editor for Blueprint /Game/Blueprints/Pawns/BP_PawnTank.BP_PawnTank
[2020.10.13-13.19.45:775][335]BlueprintLog: New page: Compile BP_PawnTank
[2020.10.13-13.19.45:955][335]LogUObjectHash: Compacting FUObjectHashTables data took   2.33ms
[2020.10.13-13.19.46:693][417]Cmd: OBJ SAVEPACKAGE PACKAGE="/Game/Blueprints/Pawns/BP_PawnTank" FILE="E:/Unreal Projects/ToonTanks/Content/Blueprints/Pawns/BP_PawnTank.uasset" SILENT=true
[2020.10.13-13.19.46:717][417]LogSavePackage: Moving 'E:/Unreal Projects/ToonTanks/Saved/BP_PawnTank52B64BE6484E98635A59869A877C2197.tmp' to 'E:/Unreal Projects/ToonTanks/Content/Blueprints/Pawns/BP_PawnTank.uasset'
[2020.10.13-13.19.49:733][769]LogTemp: Repeating last play command: Selected Viewport
[2020.10.13-13.19.49:753][769]LogBlueprintUserMessages: Early PlayInEditor Detection: Level '/Game/Maps/Main.Main:PersistentLevel' has LevelScriptBlueprint '/Game/Maps/Main.Main:PersistentLevel.Main' with GeneratedClass '/Game/Maps/Main.Main_C' with ClassGeneratedBy '/Game/Maps/Main.Main:PersistentLevel.Main'
[2020.10.13-13.19.49:753][769]LogPlayLevel: PlayLevel: No blueprints needed recompiling
[2020.10.13-13.19.49:753][769]PIE: New page: PIE session: Main (Oct 13, 2020, 5:19:49 PM)
[2020.10.13-13.19.49:753][769]LogPlayLevel: Creating play world package: /Game/Maps/UEDPIE_0_Main
[2020.10.13-13.19.49:756][769]LogPlayLevel: PIE: StaticDuplicateObject took: (0.002729s)
[2020.10.13-13.19.49:756][769]LogAIModule: Creating AISystem for world Main
[2020.10.13-13.19.49:756][769]LogPlayLevel: PIE: World Init took: (0.000462s)
[2020.10.13-13.19.49:756][769]LogPlayLevel: PIE: Created PIE world by copying editor world from /Game/Maps/Main.Main to /Game/Maps/UEDPIE_0_Main.Main (0.003286s)
[2020.10.13-13.19.49:794][769]LogUObjectHash: Compacting FUObjectHashTables data took   1.85ms
[2020.10.13-13.19.49:805][769]LogInit: XAudio2 using 'Speakers (High Definition Audio Device)' : 2 channels at 48 kHz using 32 bits per sample (channel mask 0x3)
[2020.10.13-13.19.49:812][769]LogInit: FAudioDevice initialized.
[2020.10.13-13.19.49:841][769]LogLoad: Game class is 'GameModeBase'
[2020.10.13-13.19.49:842][769]LogWorld: Bringing World /Game/Maps/UEDPIE_0_Main.Main up for play (max tick rate 0) at 2020.10.13-15.19.49
[2020.10.13-13.19.49:843][769]LogWorld: Bringing up level for play took: 0.000942
[2020.10.13-13.19.49:854][769]PIE: Play in editor start time for /Game/Maps/UEDPIE_0_Main -0.437
[2020.10.13-13.19.49:854][769]LogBlueprintUserMessages: Late PlayInEditor Detection: Level '/Game/Maps/Main.Main:PersistentLevel' has LevelScriptBlueprint '/Game/Maps/Main.Main:PersistentLevel.Main' with GeneratedClass '/Game/Maps/Main.Main_C' with ClassGeneratedBy '/Game/Maps/Main.Main:PersistentLevel.Main'
[2020.10.13-13.20.09:719][151]LogBlueprintUserMessages: Early EndPlayMap Detection: Level '/Game/Maps/Main.Main:PersistentLevel' has LevelScriptBlueprint '/Game/Maps/Main.Main:PersistentLevel.Main' with GeneratedClass '/Game/Maps/Main.Main_C' with ClassGeneratedBy '/Game/Maps/Main.Main:PersistentLevel.Main'
[2020.10.13-13.20.09:719][151]LogSlate: Updating window title bar state: overlay mode, drag disabled, window buttons hidden, title bar hidden
[2020.10.13-13.20.09:752][151]LogPlayLevel: Display: Shutting down PIE online subsystems
[2020.10.13-13.20.09:753][151]LogBlueprintUserMessages: Late EndPlayMap Detection: Level '/Game/Maps/Main.Main:PersistentLevel' has LevelScriptBlueprint '/Game/Maps/Main.Main:PersistentLevel.Main' with GeneratedClass '/Game/Maps/Main.Main_C' with ClassGeneratedBy '/Game/Maps/Main.Main:PersistentLevel.Main'
[2020.10.13-13.20.09:798][151]LogSlate: Updating window title bar state: overlay mode, drag disabled, window buttons hidden, title bar hidden
[2020.10.13-13.20.09:801][151]LogUObjectHash: Compacting FUObjectHashTables data took   1.65ms
[2020.10.13-13.20.09:826][153]LogPlayLevel: Display: Destroying online subsystem :Context_12
[2020.10.13-13.20.11:260][325]LogSlate: FSceneViewport::OnFocusLost() reason 0
[2020.10.13-13.20.23:585][858]Cmd: OBJ SAVEPACKAGE PACKAGE="/Game/Maps/Main" FILE="E:/Unreal Projects/ToonTanks/Content/Maps/Main.umap" SILENT=true AUTOSAVING=false KEEPDIRTY=false
[2020.10.13-13.20.23:629][858]LogUObjectHash: Compacting FUObjectHashTables data took   0.82ms
[2020.10.13-13.20.23:792][858]LogSavePackage: Moving 'E:/Unreal Projects/ToonTanks/Saved/Main08ED990146D06FBC3BB8EFA7DD57C398.tmp' to 'E:/Unreal Projects/ToonTanks/Content/Maps/Main.umap'
[2020.10.13-13.20.23:816][858]Cmd: OBJ SAVEPACKAGE PACKAGE="/Game/Maps/Main_BuiltData" FILE="E:/Unreal Projects/ToonTanks/Content/Maps/Main_BuiltData.uasset" SILENT=true
[2020.10.13-13.20.23:838][858]LogSavePackage: Moving 'E:/Unreal Projects/ToonTanks/Saved/Main_BuiltData6A0330A3449F3C7A3AB0C4A2298DA80E.tmp' to 'E:/Unreal Projects/ToonTanks/Content/Maps/Main_BuiltData.uasset'
[2020.10.13-13.20.24:478][932]Candidate modules for hot reload:
[2020.10.13-13.20.24:478][932]  ToonTanks
[2020.10.13-13.20.24:478][932]Launching UnrealBuildTool... [C:/Program Files/Epic Games/UE_4.22/Engine/Binaries/DotNET/UnrealBuildTool.exe  -ModuleWithSuffix=ToonTanks,8337 Win64 Development -TargetType=Editor -Project="E:/Unreal Projects/ToonTanks/ToonTanks.uproject" "E:/Unreal Projects/ToonTanks/ToonTanks.uproject"  -IgnoreJunk]
[2020.10.13-13.20.24:480][932]Warning: Starting HotReload took  0.0s.
[2020.10.13-13.20.27:393][281]CompilerResultsLog: New page: Compilation - Oct 13, 2020, 5:20:27 PM
[2020.10.13-13.20.27:393][281]CompilerResultsLog: Using 'git status' to determine working set for adaptive non-unity build (E:\Unreal Projects\ToonTanks).
[2020.10.13-13.20.27:393][281]CompilerResultsLog: Creating makefile for ToonTanksEditor (ini files are newer than makefile)
[2020.10.13-13.20.27:393][281]CompilerResultsLog: Using Visual Studio 2019 14.27.29110 toolchain (C:\Program Files (x86)\Microsoft Visual Studio\2019\Community\VC\Tools\MSVC\14.27.29110) and Windows 10.0.18362.0 SDK (C:\Program Files (x86)\Windows Kits\10).
[2020.10.13-13.20.27:393][281]CompilerResultsLog: Building 4 actions with 24 processes...
[2020.10.13-13.20.27:393][281]CompilerResultsLog:   [1/4] ProjectileBase.cpp
[2020.10.13-13.20.27:393][281]CompilerResultsLog:   [2/4] UE4Editor-ToonTanks-8337.lib
[2020.10.13-13.20.27:393][281]CompilerResultsLog:      Creating library E:\Unreal Projects\ToonTanks\Intermediate\Build\Win64\UE4Editor\Development\ToonTanks\UE4Editor-ToonTanks-8337.lib and object E:\Unreal Projects\ToonTanks\Intermediate\Build\Win64\UE4Editor\Development\ToonTanks\UE4Editor-ToonTanks-8337.exp
[2020.10.13-13.20.27:393][281]CompilerResultsLog:   [3/4] UE4Editor-ToonTanks-8337.dll
[2020.10.13-13.20.27:393][281]CompilerResultsLog:      Creating library E:\Unreal Projects\ToonTanks\Intermediate\Build\Win64\UE4Editor\Development\ToonTanks\UE4Editor-ToonTanks-8337.suppressed.lib and object E:\Unreal Projects\ToonTanks\Intermediate\Build\Win64\UE4Editor\Development\ToonTanks\UE4Editor-ToonTanks-8337.suppressed.exp
[2020.10.13-13.20.27:393][281]CompilerResultsLog:   [4/4] ToonTanksEditor.target
[2020.10.13-13.20.27:393][281]CompilerResultsLog: Total time in Parallel executor: 1.42 seconds
[2020.10.13-13.20.27:393][281]CompilerResultsLog: Total execution time: 2.85 seconds
[2020.10.13-13.20.27:393][281]LogMainFrame: MainFrame: Module compiling took 2.917 seconds
[2020.10.13-13.20.27:434][281]LogUObjectHash: Compacting FUObjectHashTables data took   1.93ms
[2020.10.13-13.20.27:434][281]LogBlueprintActionDatabase: Requesting refresh due to module change: ToonTanks (unloaded)
[2020.10.13-13.20.28:261][281]LogWindows: Error: === Critical error: ===
[2020.10.13-13.20.28:261][281]LogWindows: Error: 
[2020.10.13-13.20.28:261][281]LogWindows: Error: Fatal error!
[2020.10.13-13.20.28:261][281]LogWindows: Error: 
[2020.10.13-13.20.28:261][281]LogWindows: Error: Unhandled Exception: EXCEPTION_ACCESS_VIOLATION reading address 0x00000498
[2020.10.13-13.20.28:261][281]LogWindows: Error: 
[2020.10.13-13.20.28:261][281]LogWindows: Error: [Callstack] 0x00007ffc657f22d0 UE4Editor-ToonTanks-8337.dll!TMulticastScriptDelegate<FWeakObjectPtr>::Add() [C:\Program Files\Epic Games\UE_4.22\Engine\Source\Runtime\Core\Public\UObject\ScriptDelegates.h:324]
[2020.10.13-13.20.28:261][281]LogWindows: Error: [Callstack] 0x00007ffc657f205e UE4Editor-ToonTanks-8337.dll!AProjectileBase::AProjectileBase() [E:\Unreal Projects\ToonTanks\Source\ToonTanks\Actors\ProjectileBase.cpp:17]
[2020.10.13-13.20.28:261][281]LogWindows: Error: [Callstack] 0x00007ffc0f4d4561 UE4Editor-HotReload.dll!UnknownFunction []
[2020.10.13-13.20.28:261][281]LogWindows: Error: [Callstack] 0x00007ffc0f4c5e69 UE4Editor-HotReload.dll!UnknownFunction []
[2020.10.13-13.20.28:261][281]LogWindows: Error: [Callstack] 0x00007ffc0f4ccebd UE4Editor-HotReload.dll!UnknownFunction []
[2020.10.13-13.20.28:261][281]LogWindows: Error: [Callstack] 0x00007ffc0f4d6c70 UE4Editor-HotReload.dll!UnknownFunction []
[2020.10.13-13.20.28:261][281]LogWindows: Error: [Callstack] 0x00007ffc0f4d6f04 UE4Editor-HotReload.dll!UnknownFunction []
[2020.10.13-13.20.28:261][281]LogWindows: Error: [Callstack] 0x00007ffc0f4cfcf6 UE4Editor-HotReload.dll!UnknownFunction []
[2020.10.13-13.20.28:261][281]LogWindows: Error: [Callstack] 0x00007ffc330fe23b UE4Editor-CoreUObject.dll!UnknownFunction []
[2020.10.13-13.20.28:261][281]LogWindows: Error: [Callstack] 0x00007ffc333c00d7 UE4Editor-CoreUObject.dll!UnknownFunction []
[2020.10.13-13.20.28:261][281]LogWindows: Error: [Callstack] 0x00007ffc333aedf6 UE4Editor-CoreUObject.dll!UnknownFunction []
[2020.10.13-13.20.28:261][281]LogWindows: Error: [Callstack] 0x00007ffc3318a727 UE4Editor-CoreUObject.dll!UnknownFunction []
[2020.10.13-13.20.28:261][281]LogWindows: Error: [Callstack] 0x00007ffc259a4a2b UE4Editor-Core.dll!UnknownFunction []
[2020.10.13-13.20.28:261][281]LogWindows: Error: [Callstack] 0x00007ffc25b75cb5 UE4Editor-Core.dll!UnknownFunction []
[2020.10.13-13.20.28:261][281]LogWindows: Error: [Callstack] 0x00007ffc25b75053 UE4Editor-Core.dll!UnknownFunction []
[2020.10.13-13.20.28:261][281]LogWindows: Error: [Callstack] 0x00007ffc0f4cdf69 UE4Editor-HotReload.dll!UnknownFunction []
[2020.10.13-13.20.28:261][281]LogWindows: Error: [Callstack] 0x00007ffc0f4cbe47 UE4Editor-HotReload.dll!UnknownFunction []
[2020.10.13-13.20.28:261][281]LogWindows: Error: [Callstack] 0x00007ffc0f4cc6bf UE4Editor-HotReload.dll!UnknownFunction []
[2020.10.13-13.20.28:261][281]LogWindows: Error: [Callstack] 0x00007ffc0f4dc5a5 UE4Editor-HotReload.dll!UnknownFunction []
[2020.10.13-13.20.28:261][281]LogWindows: Error: [Callstack] 0x00007ffc259408ba UE4Editor-Core.dll!UnknownFunction []
[2020.10.13-13.20.28:261][281]LogWindows: Error: [Callstack] 0x00007ff645b592d2 UE4Editor.exe!UnknownFunction []
[2020.10.13-13.20.28:261][281]LogWindows: Error: [Callstack] 0x00007ff645b6554c UE4Editor.exe!UnknownFunction []
[2020.10.13-13.20.28:261][281]LogWindows: Error: [Callstack] 0x00007ff645b655ca UE4Editor.exe!UnknownFunction []
[2020.10.13-13.20.28:261][281]LogWindows: Error: [Callstack] 0x00007ff645b7316c UE4Editor.exe!UnknownFunction []
[2020.10.13-13.20.28:261][281]LogWindows: Error: [Callstack] 0x00007ff645b75b8e UE4Editor.exe!UnknownFunction []
[2020.10.13-13.20.28:261][281]LogWindows: Error: [Callstack] 0x00007ffc69b37bd4 KERNEL32.DLL!UnknownFunction []
[2020.10.13-13.20.28:261][281]LogWindows: Error: [Callstack] 0x00007ffc6a0cce51 ntdll.dll!UnknownFunction []
[2020.10.13-13.20.28:261][281]LogWindows: Error: 
[2020.10.13-13.20.28:270][281]LogExit: Executing StaticShutdownAfterError
[2020.10.13-13.20.28:273][281]LogWindows: FPlatformMisc::RequestExit(1)
[2020.10.13-13.20.28:276][281]Log file closed, 10/13/20 15:20:28
